#
# A fatal error has been detected by the Java Runtime Environment:
#
#  SIGSEGV (0xb) at pc=0x00007f8275fb0fc6, pid=28646, tid=140198270162688
#
# JRE version: Java(TM) SE Runtime Environment (7.0_67-b01) (build 1.7.0_67-b01)
# Java VM: Java HotSpot(TM) 64-Bit Server VM (24.65-b04 mixed mode linux-amd64 compressed oops)
# Problematic frame:
# V  [libjvm.so+0x871fc6]  ParCompactionManager::follow_marking_stacks()+0x1e6
#
# Failed to write core dump. Core dumps have been disabled. To enable core dumping, try "ulimit -c unlimited" before starting Java again
#
# If you would like to submit a bug report, please visit:
#   http://bugreport.sun.com/bugreport/crash.jsp
#

---------------  T H R E A D  ---------------

Current thread (0x00007f8270023800):  GCTaskThread [stack: 0x00007f8274075000,0x00007f8274176000] [id=28654]

siginfo:si_signo=SIGSEGV: si_errno=0, si_code=1 (SEGV_MAPERR), si_addr=0x00000040000000f0

Registers:
RAX=0x0000004000000018, RBX=0x00007f8270067080, RCX=0x0000000000000003, RDX=0x000000078f5e08d8
RSP=0x00007f82741749a0, RBP=0x00007f8274174a80, RSI=0x00007f8270067080, RDI=0x0000000704fad7e8
R8 =0x0000000704fada08, R9 =0x0000000000001153, R10=0x000000000e0028c0, R11=0x00007f8276584d80
R12=0x00007f8276584d80, R13=0x00007f827657b178, R14=0x0000000000000000, R15=0x00007f8270067090
RIP=0x00007f8275fb0fc6, EFLAGS=0x0000000000010206, CSGSFS=0x0000000000000033, ERR=0x0000000000000004
  TRAPNO=0x000000000000000e

Top of Stack: (sp=0x00007f82741749a0)
0x00007f82741749a0:   000000070bcc5730 00007f82741749f0
0x00007f82741749b0:   00007f8274174a00 00007f82741749e0
0x00007f82741749c0:   00007f8274174a20 00007f8274174a30
0x00007f82741749d0:   00007f82700670c0 00007f8270067140
0x00007f82741749e0:   0000000000000000 00007f8200000000
0x00007f82741749f0:   00007f8270067080 00007f8276588de0
0x00007f8274174a00:   000000070bca248c 00007f8276588de0
0x00007f8274174a10:   00007f8274174a80 00007f8275cf9c26
0x00007f8274174a20:   000000070bca2478 0000000704edc190
0x00007f8274174a30:   0000024d00008508 000000070bca2494
0x00007f8274174a40:   0000024e00008508 00007f82700670c0
0x00007f8274174a50:   00007f8274174aa0 0000000000000000
0x00007f8274174a60:   00007f8270066c10 0000000000000002
0x00007f8274174a70:   00007f8270067080 000000070bdbf2d0
0x00007f8274174a80:   00007f8274174bb0 00007f8275f98b9e
0x00007f8274174a90:   000000070bdc5508 00007f8274174b50
0x00007f8274174aa0:   00007f8274174b40 00007f8274174b30
0x00007f8274174ab0:   00007f8274174b20 00007f8274174b60
0x00007f8274174ac0:   00007f8274174b70 00007f8274174b7c
0x00007f8274174ad0:   00007f824053d570 000000070bc50fb0
0x00007f8274174ae0:   00007f8274174b20 00007f8275e2e2d9
0x00007f8274174af0:   00007f8274174b20 0000000000000280
0x00007f8274174b00:   0000000000000280 0000000000000003
0x00007f8274174b10:   00007f82700670c0 00007f8270067140
0x00007f8274174b20:   00007f8274174bb0 00007f8275f98348
0x00007f8274174b30:   00007f827001f660 00007f8270023800
0x00007f8274174b40:   0000000000000001 0000000000000002
0x00007f8274174b50:   00007f8274174b70 00007f8275f1ea3b
0x00007f8274174b60:   000000070bc50fb0 00007f8200000200
0x00007f8274174b70:   000000070bca2478 1a8e69f875c94b27
0x00007f8274174b80:   00007f8274174bb0 00007f824053d570
0x00007f8274174b90:   00007f8270023800 0000000000000001 

Instructions: (pc=0x00007f8275fb0fc6)
0x00007f8275fb0fa6:   00 00 48 8b 05 89 1c 59 00 8b 72 08 8b 48 08 48
0x00007f8275fb0fb6:   d3 e6 48 03 30 48 8b 46 10 48 8d 7e 10 48 89 de
0x00007f8275fb0fc6:   ff 90 d8 00 00 00 8b 53 08 8b 43 10 89 d1 29 c1
0x00007f8275fb0fd6:   89 c8 a9 ff ff 01 00 0f 85 6d ff ff ff 48 8b b3 

Register to memory mapping:

RAX=0x0000004000000018 is an unknown value
RBX=0x00007f8270067080 is an unknown value
RCX=0x0000000000000003 is an unknown value
RDX=0x000000078f5e08d8 is an oop

[error occurred during error reporting (printing register info), id 0xb]

Stack: [0x00007f8274075000,0x00007f8274176000],  sp=0x00007f82741749a0,  free space=1022k
Native frames: (J=compiled Java code, j=interpreted, Vv=VM code, C=native code)
V  [libjvm.so+0x871fc6]  ParCompactionManager::follow_marking_stacks()+0x1e6
V  [libjvm.so+0x859b9e]  StealMarkingTask::do_it(GCTaskManager*, unsigned int)+0x30e
V  [libjvm.so+0x55704f]  GCTaskThread::run()+0x12f
V  [libjvm.so+0x81f988]  java_start(Thread*)+0x108


---------------  P R O C E S S  ---------------

Java Threads: ( => current thread )
  0x00007f82705b6800 JavaThread "/0:0:0:0:0:0:0:1:55440 to /0:0:0:0:0:0:0:1%1:46517 workers Thread 3" [_thread_in_native, id=28669, stack(0x00007f8264ac9000,0x00007f8264bca000)]
  0x00007f82705b5800 JavaThread "/0:0:0:0:0:0:0:1:55440 to /0:0:0:0:0:0:0:1%1:46517 workers Thread 2" [_thread_blocked, id=28668, stack(0x00007f8264bca000,0x00007f8264ccb000)]
  0x00007f82705ae000 JavaThread "Test worker" [_thread_blocked, id=28667, stack(0x00007f8264ccb000,0x00007f8264dcc000)]
  0x00007f82700c8800 JavaThread "Service Thread" daemon [_thread_blocked, id=28662, stack(0x00007f826546c000,0x00007f826556d000)]
  0x00007f82700c6000 JavaThread "C2 CompilerThread1" daemon [_thread_blocked, id=28661, stack(0x00007f826556d000,0x00007f826566e000)]
  0x00007f82700c3000 JavaThread "C2 CompilerThread0" daemon [_thread_blocked, id=28660, stack(0x00007f826566e000,0x00007f826576f000)]
  0x00007f82700c1800 JavaThread "Signal Dispatcher" daemon [_thread_blocked, id=28659, stack(0x00007f826576f000,0x00007f8265870000)]
  0x00007f8270070000 JavaThread "Finalizer" daemon [_thread_blocked, id=28658, stack(0x00007f8266455000,0x00007f8266556000)]
  0x00007f827006e000 JavaThread "Reference Handler" daemon [_thread_blocked, id=28657, stack(0x00007f8266556000,0x00007f8266657000)]
  0x00007f827000a000 JavaThread "main" [_thread_blocked, id=28651, stack(0x00007f82770b4000,0x00007f82771b5000)]

Other Threads:
  0x00007f827006a000 VMThread [stack: 0x00007f8266657000,0x00007f8266758000] [id=28656]
  0x00007f82700db000 WatcherThread [stack: 0x00007f826536b000,0x00007f826546c000] [id=28663]

=>0x00007f8270023800 (exited) GCTaskThread [stack: 0x00007f8274075000,0x00007f8274176000] [id=28654]

VM state:at safepoint (normal execution)

VM Mutex/Monitor currently owned by a thread:  ([mutex/lock_event])
[0x00007f8270006540] Threads_lock - owner thread: 0x00007f827006a000
[0x00007f8270006a40] Heap_lock - owner thread: 0x00007f82705ae000

Heap
 PSYoungGen      total 896512K, used 896512K [0x00000007adf00000, 0x0000000800000000, 0x0000000800000000)
  eden space 448512K, 100% used [0x00000007adf00000,0x00000007c9500000,0x00000007c9500000)
  from space 448000K, 100% used [0x00000007e4a80000,0x0000000800000000,0x0000000800000000)
  to   space 448000K, 100% used [0x00000007c9500000,0x00000007e4a80000,0x00000007e4a80000)
 ParOldGen       total 2688000K, used 2687993K [0x0000000709e00000, 0x00000007adf00000, 0x00000007adf00000)
  object space 2688000K, 99% used [0x0000000709e00000,0x00000007adefe4f0,0x00000007adf00000)
 PSPermGen       total 21504K, used 8891K [0x0000000704c00000, 0x0000000706100000, 0x0000000709e00000)
  object space 21504K, 41% used [0x0000000704c00000,0x00000007054aef28,0x0000000706100000)

Card table byte_map: [0x00007f826c825000,0x00007f826d000000] byte_map_base: 0x00007f8268fff000

Polling page: 0x00007f82771d1000

Code Cache  [0x00007f826d000000, 0x00007f826d270000, 0x00007f8270000000)
 total_blobs=365 nmethods=97 adapters=221 free_code_cache=48489Kb largest_free_block=49618176

Compilation events (10 events):
Event: 0.724 Thread 0x00007f82700c3000 nmethod 93 0x00007f826d0a23d0 code [0x00007f826d0a2500, 0x00007f826d0a2558]
Event: 0.724 Thread 0x00007f82700c3000   94             java.util.LinkedList::remove (5 bytes)
Event: 0.725 Thread 0x00007f82700c3000 nmethod 94 0x00007f826d0a25d0 code [0x00007f826d0a2720, 0x00007f826d0a27f8]
Event: 0.725 Thread 0x00007f82700c3000   95             java.util.LinkedList::removeFirst (23 bytes)
Event: 0.726 Thread 0x00007f82700c3000 nmethod 95 0x00007f826d0a28d0 code [0x00007f826d0a2a20, 0x00007f826d0a2af8]
Event: 0.726 Thread 0x00007f82700c3000   96             java.util.LinkedList::unlinkFirst (64 bytes)
Event: 0.727 Thread 0x00007f82700c3000 nmethod 96 0x00007f826d0a2bd0 code [0x00007f826d0a2d20, 0x00007f826d0a2dd8]
Event: 0.727 Thread 0x00007f82700c3000   97 %           com.github.vignesh_iopex.tree.BinaryTree::buildTree @ 53 (202 bytes)
Event: 0.739 Thread 0x00007f82700c3000 nmethod 97% 0x00007f826d09fd50 code [0x00007f826d09ff00, 0x00007f826d0a0578]
Event: 0.783 Thread 0x00007f82700c6000 nmethod 85% 0x00007f826d0a8d10 code [0x00007f826d0a9160, 0x00007f826d0aba68]

GC Heap History (10 events):
Event: 26.608 GC heap after
Heap after GC invocations=17 (full 5):
 PSYoungGen      total 896512K, used 355712K [0x00000007adf00000, 0x0000000800000000, 0x0000000800000000)
  eden space 448512K, 0% used [0x00000007adf00000,0x00000007adf00000,0x00000007c9500000)
  from space 448000K, 79% used [0x00000007e4a80000,0x00000007fa5e0000,0x0000000800000000)
  to   space 448000K, 0% used [0x00000007c9500000,0x00000007c9500000,0x00000007e4a80000)
 ParOldGen       total 2226176K, used 1640109K [0x0000000709e00000, 0x0000000791c00000, 0x00000007adf00000)
  object space 2226176K, 73% used [0x0000000709e00000,0x000000076dfab490,0x0000000791c00000)
 PSPermGen       total 21504K, used 8891K [0x0000000704c00000, 0x0000000706100000, 0x0000000709e00000)
  object space 21504K, 41% used [0x0000000704c00000,0x00000007054aef28,0x0000000706100000)
}
Event: 26.744 GC heap before
{Heap before GC invocations=18 (full 5):
 PSYoungGen      total 896512K, used 804224K [0x00000007adf00000, 0x0000000800000000, 0x0000000800000000)
  eden space 448512K, 100% used [0x00000007adf00000,0x00000007c9500000,0x00000007c9500000)
  from space 448000K, 79% used [0x00000007e4a80000,0x00000007fa5e0000,0x0000000800000000)
  to   space 448000K, 0% used [0x00000007c9500000,0x00000007c9500000,0x00000007e4a80000)
 ParOldGen       total 2226176K, used 1640109K [0x0000000709e00000, 0x0000000791c00000, 0x00000007adf00000)
  object space 2226176K, 73% used [0x0000000709e00000,0x000000076dfab490,0x0000000791c00000)
 PSPermGen       total 21504K, used 8891K [0x0000000704c00000, 0x0000000706100000, 0x0000000709e00000)
  object space 21504K, 41% used [0x0000000704c00000,0x00000007054aef28,0x0000000706100000)
Event: 28.089 GC heap after
Heap after GC invocations=18 (full 5):
 PSYoungGen      total 896512K, used 448000K [0x00000007adf00000, 0x0000000800000000, 0x0000000800000000)
  eden space 448512K, 0% used [0x00000007adf00000,0x00000007adf00000,0x00000007c9500000)
  from space 448000K, 100% used [0x00000007c9500000,0x00000007e4a80000,0x00000007e4a80000)
  to   space 448000K, 0% used [0x00000007e4a80000,0x00000007e4a80000,0x0000000800000000)
 ParOldGen       total 2226176K, used 1997797K [0x0000000709e00000, 0x0000000791c00000, 0x00000007adf00000)
  object space 2226176K, 89% used [0x0000000709e00000,0x0000000783cf9490,0x0000000791c00000)
 PSPermGen       total 21504K, used 8891K [0x0000000704c00000, 0x0000000706100000, 0x0000000709e00000)
  object space 21504K, 41% used [0x0000000704c00000,0x00000007054aef28,0x0000000706100000)
}
Event: 28.089 GC heap before
{Heap before GC invocations=19 (full 6):
 PSYoungGen      total 896512K, used 448000K [0x00000007adf00000, 0x0000000800000000, 0x0000000800000000)
  eden space 448512K, 0% used [0x00000007adf00000,0x00000007adf00000,0x00000007c9500000)
  from space 448000K, 100% used [0x00000007c9500000,0x00000007e4a80000,0x00000007e4a80000)
  to   space 448000K, 0% used [0x00000007e4a80000,0x00000007e4a80000,0x0000000800000000)
 ParOldGen       total 2226176K, used 1997797K [0x0000000709e00000, 0x0000000791c00000, 0x00000007adf00000)
  object space 2226176K, 89% used [0x0000000709e00000,0x0000000783cf9490,0x0000000791c00000)
 PSPermGen       total 21504K, used 8891K [0x0000000704c00000, 0x0000000706100000, 0x0000000709e00000)
  object space 21504K, 41% used [0x0000000704c00000,0x00000007054aef28,0x0000000706100000)
Event: 38.094 GC heap after
Heap after GC invocations=19 (full 6):
 PSYoungGen      total 896512K, used 45012K [0x00000007adf00000, 0x0000000800000000, 0x0000000800000000)
  eden space 448512K, 0% used [0x00000007adf00000,0x00000007adf00000,0x00000007c9500000)
  from space 448000K, 10% used [0x00000007c9500000,0x00000007cc0f5000,0x00000007e4a80000)
  to   space 448000K, 0% used [0x00000007e4a80000,0x00000007e4a80000,0x0000000800000000)
 ParOldGen       total 2688000K, used 2225961K [0x0000000709e00000, 0x00000007adf00000, 0x00000007adf00000)
  object space 2688000K, 82% used [0x0000000709e00000,0x0000000791bca4f0,0x00000007adf00000)
 PSPermGen       total 21504K, used 8891K [0x0000000704c00000, 0x0000000706100000, 0x0000000709e00000)
  object space 21504K, 41% used [0x0000000704c00000,0x00000007054aef28,0x0000000706100000)
}
Event: 38.249 GC heap before
{Heap before GC invocations=20 (full 6):
 PSYoungGen      total 896512K, used 493524K [0x00000007adf00000, 0x0000000800000000, 0x0000000800000000)
  eden space 448512K, 100% used [0x00000007adf00000,0x00000007c9500000,0x00000007c9500000)
  from space 448000K, 10% used [0x00000007c9500000,0x00000007cc0f5000,0x00000007e4a80000)
  to   space 448000K, 0% used [0x00000007e4a80000,0x00000007e4a80000,0x0000000800000000)
 ParOldGen       total 2688000K, used 2225961K [0x0000000709e00000, 0x00000007adf00000, 0x00000007adf00000)
  object space 2688000K, 82% used [0x0000000709e00000,0x0000000791bca4f0,0x00000007adf00000)
 PSPermGen       total 21504K, used 8891K [0x0000000704c00000, 0x0000000706100000, 0x0000000709e00000)
  object space 21504K, 41% used [0x0000000704c00000,0x00000007054aef28,0x0000000706100000)
Event: 39.478 GC heap after
Heap after GC invocations=20 (full 6):
 PSYoungGen      total 896512K, used 448000K [0x00000007adf00000, 0x0000000800000000, 0x0000000800000000)
  eden space 448512K, 0% used [0x00000007adf00000,0x00000007adf00000,0x00000007c9500000)
  from space 448000K, 100% used [0x00000007e4a80000,0x0000000800000000,0x0000000800000000)
  to   space 448000K, 0% used [0x00000007c9500000,0x00000007c9500000,0x00000007e4a80000)
 ParOldGen       total 2688000K, used 2272113K [0x0000000709e00000, 0x00000007adf00000, 0x00000007adf00000)
  object space 2688000K, 84% used [0x0000000709e00000,0x00000007948dc4f0,0x00000007adf00000)
 PSPermGen       total 21504K, used 8891K [0x0000000704c00000, 0x0000000706100000, 0x0000000709e00000)
  object space 21504K, 41% used [0x0000000704c00000,0x00000007054aef28,0x0000000706100000)
}
Event: 39.615 GC heap before
{Heap before GC invocations=21 (full 6):
 PSYoungGen      total 896512K, used 896512K [0x00000007adf00000, 0x0000000800000000, 0x0000000800000000)
  eden space 448512K, 100% used [0x00000007adf00000,0x00000007c9500000,0x00000007c9500000)
  from space 448000K, 100% used [0x00000007e4a80000,0x0000000800000000,0x0000000800000000)
  to   space 448000K, 0% used [0x00000007c9500000,0x00000007c9500000,0x00000007e4a80000)
 ParOldGen       total 2688000K, used 2272113K [0x0000000709e00000, 0x00000007adf00000, 0x00000007adf00000)
  object space 2688000K, 84% used [0x0000000709e00000,0x00000007948dc4f0,0x00000007adf00000)
 PSPermGen       total 21504K, used 8891K [0x0000000704c00000, 0x0000000706100000, 0x0000000709e00000)
  object space 21504K, 41% used [0x0000000704c00000,0x00000007054aef28,0x0000000706100000)
Event: 41.333 GC heap after
Heap after GC invocations=21 (full 6):
 PSYoungGen      total 896512K, used 896512K [0x00000007adf00000, 0x0000000800000000, 0x0000000800000000)
  eden space 448512K, 100% used [0x00000007adf00000,0x00000007c9500000,0x00000007c9500000)
  from space 448000K, 100% used [0x00000007e4a80000,0x0000000800000000,0x0000000800000000)
  to   space 448000K, 100% used [0x00000007c9500000,0x00000007e4a80000,0x00000007e4a80000)
 ParOldGen       total 2688000K, used 2687993K [0x0000000709e00000, 0x00000007adf00000, 0x00000007adf00000)
  object space 2688000K, 99% used [0x0000000709e00000,0x00000007adefe4f0,0x00000007adf00000)
 PSPermGen       total 21504K, used 8891K [0x0000000704c00000, 0x0000000706100000, 0x0000000709e00000)
  object space 21504K, 41% used [0x0000000704c00000,0x00000007054aef28,0x0000000706100000)
}
Event: 41.333 GC heap before
{Heap before GC invocations=22 (full 7):
 PSYoungGen      total 896512K, used 896512K [0x00000007adf00000, 0x0000000800000000, 0x0000000800000000)
  eden space 448512K, 100% used [0x00000007adf00000,0x00000007c9500000,0x00000007c9500000)
  from space 448000K, 100% used [0x00000007e4a80000,0x0000000800000000,0x0000000800000000)
  to   space 448000K, 100% used [0x00000007c9500000,0x00000007e4a80000,0x00000007e4a80000)
 ParOldGen       total 2688000K, used 2687993K [0x0000000709e00000, 0x00000007adf00000, 0x00000007adf00000)
  object space 2688000K, 99% used [0x0000000709e00000,0x00000007adefe4f0,0x00000007adf00000)
 PSPermGen       total 21504K, used 8891K [0x0000000704c00000, 0x0000000706100000, 0x0000000709e00000)
  object space 21504K, 41% used [0x0000000704c00000,0x00000007054aef28,0x0000000706100000)

Deoptimization events (10 events):
Event: 0.473 Thread 0x00007f827000a000 Uncommon trap: reason=class_check action=maybe_recompile pc=0x00007f826d086fa4 method=sun.misc.URLClassPath.getLoader(I)Lsun/misc/URLClassPath$Loader; @ 94
Event: 0.473 Thread 0x00007f827000a000 Uncommon trap: reason=class_check action=maybe_recompile pc=0x00007f826d086fa4 method=sun.misc.URLClassPath.getLoader(I)Lsun/misc/URLClassPath$Loader; @ 94
Event: 0.473 Thread 0x00007f827000a000 Uncommon trap: reason=class_check action=maybe_recompile pc=0x00007f826d086fa4 method=sun.misc.URLClassPath.getLoader(I)Lsun/misc/URLClassPath$Loader; @ 94
Event: 0.515 Thread 0x00007f827000a000 Uncommon trap: reason=class_check action=maybe_recompile pc=0x00007f826d0979a0 method=sun.misc.URLClassPath.getLoader(I)Lsun/misc/URLClassPath$Loader; @ 150
Event: 0.515 Thread 0x00007f827000a000 Uncommon trap: reason=class_check action=maybe_recompile pc=0x00007f826d087014 method=sun.misc.URLClassPath.getLoader(I)Lsun/misc/URLClassPath$Loader; @ 150
Event: 0.604 Thread 0x00007f82705ae000 Uncommon trap: reason=class_check action=maybe_recompile pc=0x00007f826d0979a0 method=sun.misc.URLClassPath.getLoader(I)Lsun/misc/URLClassPath$Loader; @ 150
Event: 0.647 Thread 0x00007f82705ae000 Uncommon trap: reason=class_check action=maybe_recompile pc=0x00007f826d091318 method=java.util.regex.Pattern$BmpCharProperty.match(Ljava/util/regex/Matcher;ILjava/lang/CharSequence;)Z @ 31
Event: 0.647 Thread 0x00007f82705ae000 Uncommon trap: reason=class_check action=maybe_recompile pc=0x00007f826d091318 method=java.util.regex.Pattern$BmpCharProperty.match(Ljava/util/regex/Matcher;ILjava/lang/CharSequence;)Z @ 31
Event: 0.647 Thread 0x00007f82705ae000 Uncommon trap: reason=class_check action=maybe_recompile pc=0x00007f826d091318 method=java.util.regex.Pattern$BmpCharProperty.match(Ljava/util/regex/Matcher;ILjava/lang/CharSequence;)Z @ 31
Event: 0.647 Thread 0x00007f82705ae000 Uncommon trap: reason=class_check action=maybe_recompile pc=0x00007f826d091318 method=java.util.regex.Pattern$BmpCharProperty.match(Ljava/util/regex/Matcher;ILjava/lang/CharSequence;)Z @ 31

Internal exceptions (10 events):
Event: 0.699 Thread 0x00007f82705ae000 Threw 0x00000007b0222078 at /HUDSON/workspace/7u-2-build-linux-amd64/jdk7u67/1368/hotspot/src/share/vm/prims/jvm.cpp:1244
Event: 0.699 Thread 0x00007f82705ae000 Threw 0x00000007b023bda0 at /HUDSON/workspace/7u-2-build-linux-amd64/jdk7u67/1368/hotspot/src/share/vm/prims/jvm.cpp:1244
Event: 0.699 Thread 0x00007f82705ae000 Threw 0x00000007b023ccf0 at /HUDSON/workspace/7u-2-build-linux-amd64/jdk7u67/1368/hotspot/src/share/vm/prims/jvm.cpp:1244
Event: 0.700 Thread 0x00007f82705ae000 Threw 0x00000007b024ef30 at /HUDSON/workspace/7u-2-build-linux-amd64/jdk7u67/1368/hotspot/src/share/vm/prims/jvm.cpp:1244
Event: 0.702 Thread 0x00007f82705ae000 Threw 0x00000007b025a450 at /HUDSON/workspace/7u-2-build-linux-amd64/jdk7u67/1368/hotspot/src/share/vm/prims/jvm.cpp:1244
Event: 0.702 Thread 0x00007f82705ae000 Threw 0x00000007b025dec8 at /HUDSON/workspace/7u-2-build-linux-amd64/jdk7u67/1368/hotspot/src/share/vm/prims/jvm.cpp:1244
Event: 0.703 Thread 0x00007f82705ae000 Threw 0x00000007b0261a00 at /HUDSON/workspace/7u-2-build-linux-amd64/jdk7u67/1368/hotspot/src/share/vm/prims/jvm.cpp:1244
Event: 0.704 Thread 0x00007f82705ae000 Threw 0x00000007b02694a8 at /HUDSON/workspace/7u-2-build-linux-amd64/jdk7u67/1368/hotspot/src/share/vm/prims/jvm.cpp:1244
Event: 0.706 Thread 0x00007f82705ae000 Threw 0x00000007b0272fe8 at /HUDSON/workspace/7u-2-build-linux-amd64/jdk7u67/1368/hotspot/src/share/vm/prims/jvm.cpp:1244
Event: 0.707 Thread 0x00007f82705ae000 Threw 0x00000007b0276d40 at /HUDSON/workspace/7u-2-build-linux-amd64/jdk7u67/1368/hotspot/src/share/vm/prims/jvm.cpp:1244

Events (10 events):
Event: 17.100 Executing VM operation: ParallelGCFailedAllocation done
Event: 17.210 Executing VM operation: ParallelGCFailedAllocation
Event: 25.554 Executing VM operation: ParallelGCFailedAllocation done
Event: 25.672 Executing VM operation: ParallelGCFailedAllocation
Event: 26.608 Executing VM operation: ParallelGCFailedAllocation done
Event: 26.744 Executing VM operation: ParallelGCFailedAllocation
Event: 38.094 Executing VM operation: ParallelGCFailedAllocation done
Event: 38.248 Executing VM operation: ParallelGCFailedAllocation
Event: 39.478 Executing VM operation: ParallelGCFailedAllocation done
Event: 39.615 Executing VM operation: ParallelGCFailedAllocation


Dynamic libraries:
00400000-00401000 r-xp 00000000 08:06 13904429                           /usr/lib/jvm/java-7-oracle/bin/java
00600000-00601000 rw-p 00000000 08:06 13904429                           /usr/lib/jvm/java-7-oracle/bin/java
01a5a000-01a7b000 rw-p 00000000 00:00 0                                  [heap]
704c00000-706100000 rw-p 00000000 00:00 0 
706100000-709e00000 rw-p 00000000 00:00 0 
709e00000-7adf00000 rw-p 00000000 00:00 0 
7adf00000-800000000 rw-p 00000000 00:00 0 
7f8224000000-7f8224021000 rw-p 00000000 00:00 0 
7f8224021000-7f8228000000 ---p 00000000 00:00 0 
7f8228000000-7f8228069000 rw-p 00000000 00:00 0 
7f8228069000-7f822c000000 ---p 00000000 00:00 0 
7f822c000000-7f822c021000 rw-p 00000000 00:00 0 
7f822c021000-7f8230000000 ---p 00000000 00:00 0 
7f8230000000-7f8230054000 rw-p 00000000 00:00 0 
7f8230054000-7f8234000000 ---p 00000000 00:00 0 
7f8234000000-7f82344e2000 rw-p 00000000 00:00 0 
7f82344e2000-7f8238000000 ---p 00000000 00:00 0 
7f8238000000-7f8238021000 rw-p 00000000 00:00 0 
7f8238021000-7f823c000000 ---p 00000000 00:00 0 
7f823c000000-7f823c021000 rw-p 00000000 00:00 0 
7f823c021000-7f8240000000 ---p 00000000 00:00 0 
7f8240000000-7f824066e000 rw-p 00000000 00:00 0 
7f824066e000-7f8244000000 ---p 00000000 00:00 0 
7f8244000000-7f8244021000 rw-p 00000000 00:00 0 
7f8244021000-7f8248000000 ---p 00000000 00:00 0 
7f8248000000-7f8248021000 rw-p 00000000 00:00 0 
7f8248021000-7f824c000000 ---p 00000000 00:00 0 
7f824c000000-7f824c021000 rw-p 00000000 00:00 0 
7f824c021000-7f8250000000 ---p 00000000 00:00 0 
7f8250260000-7f8258000000 rw-p 00000000 00:00 0 
7f8258000000-7f825862a000 rw-p 00000000 00:00 0 
7f825862a000-7f825c000000 ---p 00000000 00:00 0 
7f825c000000-7f825c49f000 rw-p 00000000 00:00 0 
7f825c49f000-7f8260000000 ---p 00000000 00:00 0 
7f8260000000-7f826068c000 rw-p 00000000 00:00 0 
7f826068c000-7f8264000000 ---p 00000000 00:00 0 
7f8264881000-7f8264ac9000 rw-p 00000000 00:00 0 
7f8264ac9000-7f8264acc000 ---p 00000000 00:00 0 
7f8264acc000-7f8264bca000 rw-p 00000000 00:00 0                          [stack:28669]
7f8264bca000-7f8264bcd000 ---p 00000000 00:00 0 
7f8264bcd000-7f8264ccb000 rw-p 00000000 00:00 0                          [stack:28668]
7f8264ccb000-7f8264cce000 ---p 00000000 00:00 0 
7f8264cce000-7f8264dcc000 rw-p 00000000 00:00 0                          [stack:28667]
7f8264dcc000-7f8264dce000 r--s 00009000 08:06 7865767                    /home/vikki/.gradle/caches/modules-2/files-2.1/org.hamcrest/hamcrest-core/1.3/42a25dc3219429f0e5d060061f71acb49bf010a0/hamcrest-core-1.3.jar
7f8264dce000-7f8264ddb000 r--s 0008b000 08:06 7867212                    /home/vikki/.gradle/caches/modules-2/files-2.1/org.assertj/assertj-core/1.7.1/c12282981e9bab2afdd38987295e76b35c33abb2/assertj-core-1.7.1.jar
7f8264ddb000-7f8264de1000 r--s 00036000 08:06 7865768                    /home/vikki/.gradle/caches/modules-2/files-2.1/junit/junit/4.11/4e031bb61df09069aeb2bffb4019e7a5034a4ee0/junit-4.11.jar
7f8264de1000-7f8264dea000 r--s 0002c000 08:06 4591967                    /home/vikki/gradle-new/lib/gradle-tooling-api-2.2.1.jar
7f8264dea000-7f8264dec000 r--s 00002000 08:06 4592000                    /home/vikki/gradle-new/lib/gradle-open-api-2.2.1.jar
7f8264dec000-7f8264df2000 r--s 00032000 08:06 4592002                    /home/vikki/gradle-new/lib/jaxen-1.1.jar
7f8264df2000-7f8264df7000 r--s 00048000 08:06 4592001                    /home/vikki/gradle-new/lib/dom4j-1.6.1.jar
7f8264df7000-7f8264e02000 r--s 00059000 08:06 4591966                    /home/vikki/gradle-new/lib/gradle-ui-2.2.1.jar
7f8264e02000-7f8264e04000 r--s 00006000 08:06 4591991                    /home/vikki/gradle-new/lib/gradle-resources-2.2.1.jar
7f8264e04000-7f8264e06000 r--s 00007000 08:06 4592019                    /home/vikki/gradle-new/lib/objenesis-1.2.jar
7f8264e06000-7f8264e08000 r--s 00000000 08:06 4592018                    /home/vikki/gradle-new/lib/minlog-1.2.jar
7f8264e08000-7f8264e0a000 r--s 0000f000 08:06 4592017                    /home/vikki/gradle-new/lib/reflectasm-1.07-shaded.jar
7f8264e0a000-7f8264e0e000 r--s 00026000 08:06 4592007                    /home/vikki/gradle-new/lib/kryo-2.20.jar
7f8264e0e000-7f8264e0f000 r--s 00003000 08:06 4592016                    /home/vikki/gradle-new/lib/native-platform-freebsd-amd64-0.10.jar
7f8264e0f000-7f8264e10000 r--s 00003000 08:06 4592015                    /home/vikki/gradle-new/lib/native-platform-freebsd-i386-0.10.jar
7f8264e10000-7f8264e11000 r--s 00005000 08:06 4592013                    /home/vikki/gradle-new/lib/native-platform-windows-i386-0.10.jar
7f8264e11000-7f8264e12000 r--s 00005000 08:06 4592012                    /home/vikki/gradle-new/lib/native-platform-windows-amd64-0.10.jar
7f8264e12000-7f8264e13000 r--s 00003000 08:06 4592011                    /home/vikki/gradle-new/lib/native-platform-linux-i386-0.10.jar
7f8264e13000-7f8264e14000 r--s 00003000 08:06 4592010                    /home/vikki/gradle-new/lib/native-platform-linux-amd64-0.10.jar
7f8264e14000-7f8264e15000 r--s 00002000 08:06 4592009                    /home/vikki/gradle-new/lib/native-platform-osx-amd64-0.10.jar
7f8264e15000-7f8264e16000 r--s 00002000 08:06 4592008                    /home/vikki/gradle-new/lib/native-platform-osx-i386-0.10.jar
7f8264e16000-7f8264e18000 r--s 00008000 08:06 4592005                    /home/vikki/gradle-new/lib/jansi-1.2.1.jar
7f8264e18000-7f8264e1b000 r--s 0000d000 08:06 4592004                    /home/vikki/gradle-new/lib/native-platform-0.10.jar
7f8264e1b000-7f8264e1f000 r--s 000e4000 08:06 4592003                    /home/vikki/gradle-new/lib/jna-3.2.7.jar
7f8264e1f000-7f8264e21000 r--s 00003000 08:06 4591989                    /home/vikki/gradle-new/lib/gradle-base-services-groovy-2.2.1.jar
7f8264e21000-7f8264e23000 r--s 0000a000 08:06 4591976                    /home/vikki/gradle-new/lib/gradle-model-groovy-2.2.1.jar
7f8264e23000-7f8264e27000 r--s 0001b000 08:06 4591975                    /home/vikki/gradle-new/lib/gradle-model-core-2.2.1.jar
7f8264e27000-7f8264e28000 r--s 00000000 08:06 4591992                    /home/vikki/gradle-new/lib/gradle-docs-2.2.1.jar
7f8264e28000-7f8264e29000 r--s 00005000 08:06 4591995                    /home/vikki/gradle-new/lib/log4j-over-slf4j-1.7.7.jar
7f8264e29000-7f8264e2c000 r--s 0001b000 08:06 4591987                    /home/vikki/gradle-new/lib/jarjar-1.3.jar
7f8264e2c000-7f8264e2d000 r--s 00000000 08:06 4591985                    /home/vikki/gradle-new/lib/jcip-annotations-1.0.jar
7f8264e2d000-7f8264e3b000 r--s 0007f000 08:06 4591979                    /home/vikki/gradle-new/lib/commons-collections-3.2.1.jar
7f8264e3b000-7f8264e43000 r--s 0003c000 08:06 4591961                    /home/vikki/gradle-new/lib/gradle-launcher-2.2.1.jar
7f8264e43000-7f8264e44000 r--s 00001000 08:06 4592089                    /home/vikki/gradle-new/lib/plugins/gradle-plugin-development-2.2.1.jar
7f8264e44000-7f8264e46000 r--s 00002000 08:06 4592088                    /home/vikki/gradle-new/lib/plugins/gradle-cunit-2.2.1.jar
7f8264e46000-7f8264e4b000 r--s 00036000 08:06 4592087                    /home/vikki/gradle-new/lib/plugins/gradle-ide-native-2.2.1.jar
7f8264e4b000-7f8264e50000 r--s 00013000 08:06 4592086                    /home/vikki/gradle-new/lib/plugins/gradle-language-native-2.2.1.jar
7f8264e50000-7f8264e5b000 r--s 0004d000 08:06 4592085                    /home/vikki/gradle-new/lib/plugins/gradle-platform-native-2.2.1.jar
7f8264e5b000-7f8264e5d000 r--s 00008000 08:06 4592084                    /home/vikki/gradle-new/lib/plugins/gradle-language-groovy-2.2.1.jar
7f8264e5d000-7f8264e62000 r--s 00022000 08:06 4592083                    /home/vikki/gradle-new/lib/plugins/gradle-language-java-2.2.1.jar
7f8264e62000-7f8264e65000 r--s 00007000 08:06 4592082                    /home/vikki/gradle-new/lib/plugins/gradle-language-jvm-2.2.1.jar
7f8264e65000-7f8264e68000 r--s 00009000 08:06 4592081                    /home/vikki/gradle-new/lib/plugins/gradle-platform-jvm-2.2.1.jar
7f8264e68000-7f8264e6d000 r--s 00018000 08:06 4592080                    /home/vikki/gradle-new/lib/plugins/gradle-platform-base-2.2.1.jar
7f8264e6d000-7f8264e72000 r--s 00026000 08:06 4592079                    /home/vikki/gradle-new/lib/plugins/gradle-build-init-2.2.1.jar
7f8264e72000-7f8264e75000 r--s 0001d000 08:06 4592078                    /home/vikki/gradle-new/lib/plugins/gradle-jacoco-2.2.1.jar
7f8264e75000-7f8264e78000 r--s 0000d000 08:06 4592077                    /home/vikki/gradle-new/lib/plugins/gradle-ivy-2.2.1.jar
7f8264e78000-7f8264e7a000 r--s 00002000 08:06 4592076                    /home/vikki/gradle-new/lib/plugins/gradle-publish-2.2.1.jar
7f8264e7a000-7f8264e7c000 r--s 00005000 08:06 4592114                    /home/vikki/gradle-new/lib/plugins/jatl-0.2.2.jar
7f8264e7c000-7f8264e7e000 r--s 0000f000 08:06 4592073                    /home/vikki/gradle-new/lib/plugins/gradle-reporting-2.2.1.jar
7f8264e7e000-7f8264e83000 r--s 00034000 08:06 4592069                    /home/vikki/gradle-new/lib/plugins/gradle-diagnostics-2.2.1.jar
7f8264e83000-7f8264e8a000 r--s 00090000 08:06 4592068                    /home/vikki/gradle-new/lib/plugins/gradle-build-comparison-2.2.1.jar
7f8264e8a000-7f8264e91000 r--s 00035000 08:06 4592113                    /home/vikki/gradle-new/lib/plugins/simple-4.1.21.jar
7f8264e91000-7f8264e9d000 r--s 00100000 08:06 4592111                    /home/vikki/gradle-new/lib/plugins/rhino-1.7R3.jar
7f8264e9d000-7f8264ea2000 r--s 0001f000 08:06 4592066                    /home/vikki/gradle-new/lib/plugins/gradle-javascript-2.2.1.jar
7f8264ea2000-7f8264ea4000 r--s 0000e000 08:06 4592065                    /home/vikki/gradle-new/lib/plugins/gradle-ear-2.2.1.jar
7f8264ea4000-7f8264ea8000 r--s 00025000 08:06 4592110                    /home/vikki/gradle-new/lib/plugins/bcpg-jdk15-1.46.jar
7f8264ea8000-7f8264eab000 r--s 0001d000 08:06 4592064                    /home/vikki/gradle-new/lib/plugins/gradle-signing-2.2.1.jar
7f8264eab000-7f8264eac000 r--s 00002000 08:06 4592109                    /home/vikki/gradle-new/lib/plugins/sonar-batch-bootstrapper-2.9.jar
7f8264eac000-7f8264eaf000 r--s 00018000 08:06 4592063                    /home/vikki/gradle-new/lib/plugins/gradle-sonar-2.2.1.jar
7f8264eaf000-7f8264eb2000 r--s 00017000 08:06 4592061                    /home/vikki/gradle-new/lib/plugins/gradle-scala-2.2.1.jar
7f8264eb2000-7f8264eb4000 r--s 0000e000 08:06 4592060                    /home/vikki/gradle-new/lib/plugins/gradle-announce-2.2.1.jar
7f8264eb4000-7f8264eb5000 r--s 00000000 08:06 4591988                    /home/vikki/gradle-new/lib/javax.inject-1.jar
7f8264eb5000-7f8264ec3000 r--s 000bc000 08:06 4592059                    /home/vikki/gradle-new/lib/plugins/gradle-ide-2.2.1.jar
7f8264ec3000-7f8264ec5000 r--s 00000000 08:06 4592108                    /home/vikki/gradle-new/lib/plugins/plexus-component-annotations-1.5.2.jar
7f8264ec5000-7f8264ec8000 r--s 0000c000 08:06 4592107                    /home/vikki/gradle-new/lib/plugins/pmaven-groovy-0.8-20100325.jar
7f8264ec8000-7f8264ec9000 r--s 00004000 08:06 4592106                    /home/vikki/gradle-new/lib/plugins/pmaven-common-0.8-20100325.jar
7f8264ec9000-7f8264ecd000 r--s 0001e000 08:06 4592058                    /home/vikki/gradle-new/lib/plugins/gradle-maven-2.2.1.jar
7f8264ecd000-7f8264ee5000 r--s 0013b000 08:06 4592104                    /home/vikki/gradle-new/lib/plugins/bndlib-2.1.0.jar
7f8264ee5000-7f8264ee7000 r--s 00004000 08:06 4592056                    /home/vikki/gradle-new/lib/plugins/gradle-osgi-2.2.1.jar
7f8264ee7000-7f8264ee8000 r--s 00005000 08:06 4591962                    /home/vikki/gradle-new/lib/gradle-wrapper-2.2.1.jar
7f8264ee8000-7f8264eed000 r--s 00068000 08:06 4592103                    /home/vikki/gradle-new/lib/plugins/antlr-2.7.7.jar
7f8264eed000-7f8264eee000 r--s 00002000 08:06 4592102                    /home/vikki/gradle-new/lib/plugins/ant-antlr-1.9.3.jar
7f8264eee000-7f8264ef0000 r--s 00004000 08:06 4592054                    /home/vikki/gradle-new/lib/plugins/gradle-antlr-2.2.1.jar
7f8264ef0000-7f8264ef3000 r--s 0001e000 08:06 4592126                    /home/vikki/gradle-new/lib/plugins/jsp-api-2.1-6.1.14.jar
7f8264ef3000-7f8264f16000 r--s 00344000 08:06 4592125                    /home/vikki/gradle-new/lib/plugins/core-3.1.1.jar
7f8264f16000-7f8264f17000 r--s 00006000 08:06 4592124                    /home/vikki/gradle-new/lib/plugins/jetty-naming-6.1.25.jar
7f8264f17000-7f8264f18000 r--s 00002000 08:06 4592101                    /home/vikki/gradle-new/lib/plugins/geronimo-annotation_1.0_spec-1.0.jar
7f8264f18000-7f8264f1a000 r--s 00002000 08:06 4592100                    /home/vikki/gradle-new/lib/plugins/jetty-annotations-6.1.25.jar
7f8264f1a000-7f8264f2b000 r--s 000ea000 08:06 4592099                    /home/vikki/gradle-new/lib/plugins/jsp-2.1-6.1.14.jar
7f8264f2b000-7f8264f2d000 r--s 0000d000 08:06 4592098                    /home/vikki/gradle-new/lib/plugins/jetty-plus-6.1.25.jar
7f8264f2d000-7f8264f2f000 r--s 0001f000 08:06 4592097                    /home/vikki/gradle-new/lib/plugins/servlet-api-2.5-20081211.jar
7f8264f2f000-7f8264f33000 r--s 00028000 08:06 4592096                    /home/vikki/gradle-new/lib/plugins/jetty-util-6.1.25.jar
7f8264f33000-7f8264f3a000 r--s 0007d000 08:06 4592095                    /home/vikki/gradle-new/lib/plugins/jetty-6.1.25.jar
7f8264f3a000-7f8264f3c000 r--s 00009000 08:06 4592053                    /home/vikki/gradle-new/lib/plugins/gradle-jetty-2.2.1.jar
7f8264f3c000-7f8264f41000 r--s 00041000 08:06 4592052                    /home/vikki/gradle-new/lib/plugins/gradle-code-quality-2.2.1.jar
7f8264f41000-7f8264f43000 r--s 00009000 08:06 4592134                    /home/vikki/gradle-new/lib/plugins/hamcrest-core-1.3.jar
7f8264f43000-7f8264f49000 r--s 00033000 08:06 4592123                    /home/vikki/gradle-new/lib/plugins/snakeyaml-1.6.jar
7f8264f49000-7f8264f4b000 r--s 00006000 08:06 4592122                    /home/vikki/gradle-new/lib/plugins/jcommander-1.12.jar
7f8264f4b000-7f8264f50000 r--s 00040000 08:06 4592120                    /home/vikki/gradle-new/lib/plugins/bsh-2.0b4.jar
7f8264f50000-7f8264f51000 r--s 00004000 08:06 4592006                    /home/vikki/gradle-new/lib/ant-launcher-1.9.3.jar
7f8264f51000-7f8264f53000 r--s 00009000 08:06 4592094                    /home/vikki/gradle-new/lib/plugins/commons-cli-1.2.jar
7f8264f53000-7f8264f5c000 r--s 00089000 08:06 4592093                    /home/vikki/gradle-new/lib/plugins/testng-6.3.1.jar
7f8264f5c000-7f8264f62000 r--s 00036000 08:06 4592092                    /home/vikki/gradle-new/lib/plugins/junit-4.11.jar
7f8264f62000-7f8264f67000 r--s 00036000 08:06 4591977                    /home/vikki/gradle-new/lib/asm-all-5.0.3.jar
7f8264f67000-7f8264f86000 r--s 001cc000 08:06 4591978                    /home/vikki/gradle-new/lib/ant-1.9.3.jar
7f8264f86000-7f8264ff1000 r--s 00685000 08:06 4591974                    /home/vikki/gradle-new/lib/groovy-all-2.3.6.jar
7f8264ff1000-7f8264ffd000 r--s 00075000 08:06 4592051                    /home/vikki/gradle-new/lib/plugins/gradle-plugins-2.2.1.jar
7f8264ffd000-7f8265000000 r--s 00011000 08:06 4592090                    /home/vikki/gradle-new/lib/plugins/gradle-plugin-use-2.2.1.jar
7f8265000000-7f8265018000 r--s 00115000 08:06 4592132                    /home/vikki/gradle-new/lib/plugins/xercesImpl-2.9.1.jar
7f8265018000-7f8265020000 r--s 00028000 08:06 4592133                    /home/vikki/gradle-new/lib/plugins/xml-apis-1.3.04.jar
7f8265020000-7f8265022000 r--s 00003000 08:06 4591996                    /home/vikki/gradle-new/lib/jcl-over-slf4j-1.7.7.jar
7f8265022000-7f8265028000 r--s 0005b000 08:06 4592131                    /home/vikki/gradle-new/lib/plugins/jcifs-1.3.17.jar
7f8265028000-7f826502e000 r--s 00031000 08:06 4592130                    /home/vikki/gradle-new/lib/plugins/httpcore-4.2.2.jar
7f826502e000-7f8265034000 r--s 00033000 08:06 4592129                    /home/vikki/gradle-new/lib/plugins/commons-codec-1.6.jar
7f8265034000-7f8265037000 r--s 0001c000 08:06 4592128                    /home/vikki/gradle-new/lib/plugins/nekohtml-1.9.14.jar
7f8265037000-7f8265040000 r--s 00060000 08:06 4592127                    /home/vikki/gradle-new/lib/plugins/httpclient-4.2.2.jar
7f8265040000-7f8265042000 r--s 00007000 08:06 4592115                    /home/vikki/gradle-new/lib/plugins/gradle-resources-http-2.2.1.jar
7f8265042000-7f826506a000 r--s 00194000 08:06 4592119                    /home/vikki/gradle-new/lib/plugins/bcprov-jdk15-1.46.jar
7f826506a000-7f826506e000 r--s 0001d000 08:06 4592118                    /home/vikki/gradle-new/lib/plugins/xbean-reflect-3.4.jar
7f826506e000-7f8265073000 r--s 0002a000 08:06 4592112                    /home/vikki/gradle-new/lib/plugins/gson-2.2.4.jar
7f8265073000-7f8265077000 r--s 0003d000 08:06 4592117                    /home/vikki/gradle-new/lib/plugins/jsch-0.1.51.jar
7f8265077000-7f8265090000 r--s 00129000 08:06 4592105                    /home/vikki/gradle-new/lib/plugins/maven-ant-tasks-2.1.3.jar
7f8265090000-7f826509f000 r--s 000d9000 08:06 4592116                    /home/vikki/gradle-new/lib/plugins/ivy-2.2.0.jar
7f826509f000-7f82650a2000 r--s 00018000 08:06 4591980                    /home/vikki/gradle-new/lib/commons-io-1.4.jar
7f82650a2000-7f82650a7000 r--s 00041000 08:06 4591981                    /home/vikki/gradle-new/lib/commons-lang-2.6.jar
7f82650a7000-7f82650ab000 r--s 0001e000 08:06 4592050                    /home/vikki/gradle-new/lib/plugins/jarjar-aether-impl-1.13.1.jar
7f82650ab000-7f82650ae000 r--s 00027000 08:06 4592049                    /home/vikki/gradle-new/lib/plugins/jarjar-maven-model-3.0.4.jar
7f82650ae000-7f82650b1000 r--s 0000b000 08:06 4592048                    /home/vikki/gradle-new/lib/plugins/jarjar-maven-artifact-3.0.4.jar
7f82650b1000-7f82650b5000 r--s 0001e000 08:06 4592047                    /home/vikki/gradle-new/lib/plugins/jarjar-aether-util-1.13.1.jar
7f82650b5000-7f82650b7000 r--s 00007000 08:06 4592046                    /home/vikki/gradle-new/lib/plugins/jarjar-wagon-http-shared4-2.4.jar
7f82650b7000-7f82650c4000 r--s 00083000 08:06 4592045                    /home/vikki/gradle-new/lib/plugins/jarjar-maven-core-3.0.4.jar
7f82650c4000-7f82650c6000 r--s 00003000 08:06 4592044                    /home/vikki/gradle-new/lib/plugins/jarjar-aether-spi-1.13.1.jar
7f82650c6000-7f82650c8000 r--s 00009000 08:06 4592043                    /home/vikki/gradle-new/lib/plugins/jarjar-maven-settings-builder-3.0.4.jar
7f82650c8000-7f82650cc000 r--s 00014000 08:06 4592042                    /home/vikki/gradle-new/lib/plugins/jarjar-aether-api-1.13.1.jar
7f82650cc000-7f82650d3000 r--s 00042000 08:06 4592040                    /home/vikki/gradle-new/lib/plugins/jarjar-maven-compat-3.0.4.jar
7f82650d3000-7f82650d5000 r--s 00006000 08:06 4592039                    /home/vikki/gradle-new/lib/plugins/jarjar-aether-connector-wagon-1.13.1.jar
7f82650d5000-7f82650d7000 r--s 00000000 08:06 4592037                    /home/vikki/gradle-new/lib/plugins/jarjar-plexus-component-annotations-1.5.5.jar
7f82650d7000-7f82650d9000 r--s 00006000 08:06 4592036                    /home/vikki/gradle-new/lib/plugins/jarjar-plexus-sec-dispatcher-1.3.jar
7f82650d9000-7f82650de000 r--s 00022000 08:06 4592035                    /home/vikki/gradle-new/lib/plugins/jarjar-maven-model-builder-3.0.4.jar
7f82650de000-7f82650e0000 r--s 0000b000 08:06 4592034                    /home/vikki/gradle-new/lib/plugins/jarjar-maven-plugin-api-3.0.4.jar
7f82650e0000-7f82650e3000 r--s 0000a000 08:06 4592033                    /home/vikki/gradle-new/lib/plugins/jarjar-plexus-classworlds-2.4.jar
7f82650e3000-7f82650e7000 r--s 00035000 08:06 4592032                    /home/vikki/gradle-new/lib/plugins/jarjar-plexus-utils-2.0.6.jar
7f82650e7000-7f82650e9000 r--s 0000e000 08:06 4592030                    /home/vikki/gradle-new/lib/plugins/jarjar-plexus-interpolation-1.14.jar
7f82650e9000-7f8265101000 r--s 000b5000 08:06 4592091                    /home/vikki/gradle-new/lib/plugins/gradle-dependency-management-2.2.1.jar
7f8265101000-7f8265111000 r-xp 00000000 08:06 14032682                   /usr/lib/jvm/java-7-oracle/jre/lib/amd64/libnio.so
7f8265111000-7f8265311000 ---p 00010000 08:06 14032682                   /usr/lib/jvm/java-7-oracle/jre/lib/amd64/libnio.so
7f8265311000-7f8265312000 rw-p 00010000 08:06 14032682                   /usr/lib/jvm/java-7-oracle/jre/lib/amd64/libnio.so
7f8265312000-7f826533a000 r--s 001cf000 08:06 4591973                    /home/vikki/gradle-new/lib/guava-jdk5-17.0.jar
7f826533a000-7f826536b000 r--s 00191000 08:06 4591964                    /home/vikki/gradle-new/lib/gradle-core-2.2.1.jar
7f826536b000-7f826536c000 ---p 00000000 00:00 0 
7f826536c000-7f826546c000 rw-p 00000000 00:00 0                          [stack:28663]
7f826546c000-7f826546f000 ---p 00000000 00:00 0 
7f826546f000-7f826556d000 rw-p 00000000 00:00 0                          [stack:28662]
7f826556d000-7f8265570000 ---p 00000000 00:00 0 
7f8265570000-7f826566e000 rw-p 00000000 00:00 0                          [stack:28661]
7f826566e000-7f8265671000 ---p 00000000 00:00 0 
7f8265671000-7f826576f000 rw-p 00000000 00:00 0                          [stack:28660]
7f826576f000-7f8265772000 ---p 00000000 00:00 0 
7f8265772000-7f8265870000 rw-p 00000000 00:00 0                          [stack:28659]
7f8265870000-7f8265886000 r-xp 00000000 08:06 14032632                   /usr/lib/jvm/java-7-oracle/jre/lib/amd64/libnet.so
7f8265886000-7f8265a86000 ---p 00016000 08:06 14032632                   /usr/lib/jvm/java-7-oracle/jre/lib/amd64/libnet.so
7f8265a86000-7f8265a87000 rw-p 00016000 08:06 14032632                   /usr/lib/jvm/java-7-oracle/jre/lib/amd64/libnet.so
7f8265a87000-7f8266455000 r--p 00000000 08:06 13898478                   /usr/lib/locale/locale-archive
7f8266455000-7f8266458000 ---p 00000000 00:00 0 
7f8266458000-7f8266556000 rw-p 00000000 00:00 0                          [stack:28658]
7f8266556000-7f8266559000 ---p 00000000 00:00 0 
7f8266559000-7f8266657000 rw-p 00000000 00:00 0                          [stack:28657]
7f8266657000-7f8266658000 ---p 00000000 00:00 0 
7f8266658000-7f8267667000 rw-p 00000000 00:00 0                          [stack:28656]
7f8267667000-7f8267826000 r--s 039e5000 08:06 13904602                   /usr/lib/jvm/java-7-oracle/jre/lib/rt.jar
7f8267826000-7f8268000000 rw-p 00000000 00:00 0 
7f8268000000-7f8268535000 rw-p 00000000 00:00 0 
7f8268535000-7f826c000000 ---p 00000000 00:00 0 
7f826c000000-7f826c002000 r--s 00002000 08:06 4592029                    /home/vikki/gradle-new/lib/plugins/jarjar-plexus-cipher-1.7.jar
7f826c002000-7f826c00a000 r--s 00031000 08:06 4592026                    /home/vikki/gradle-new/lib/plugins/jarjar-plexus-container-default-1.5.5.jar
7f826c00a000-7f826c203000 rw-p 00000000 00:00 0 
7f826c203000-7f826c204000 ---p 00000000 00:00 0 
7f826c204000-7f826c825000 rw-p 00000000 00:00 0                          [stack:28655]
7f826c825000-7f826c830000 rw-p 00000000 00:00 0 
7f826c830000-7f826c84e000 rw-p 00000000 00:00 0 
7f826c84e000-7f826cd6e000 rw-p 00000000 00:00 0 
7f826cd6e000-7f826cfff000 rw-p 00000000 00:00 0 
7f826cfff000-7f826d000000 rw-p 00000000 00:00 0 
7f826d000000-7f826d270000 rwxp 00000000 00:00 0 
7f826d270000-7f8270616000 rw-p 00000000 00:00 0 
7f8270616000-7f8274000000 ---p 00000000 00:00 0 
7f8274000000-7f8274001000 r--s 00002000 08:06 4592041                    /home/vikki/gradle-new/lib/plugins/jarjar-wagon-http-2.4.jar
7f8274001000-7f8274003000 r--s 0000c000 08:06 4592028                    /home/vikki/gradle-new/lib/plugins/jarjar-wagon-provider-api-2.4.jar
7f8274003000-7f8274005000 r--s 0000d000 08:06 4592027                    /home/vikki/gradle-new/lib/plugins/jarjar-maven-aether-provider-3.0.4.jar
7f8274005000-7f8274075000 rw-p 00000000 00:00 0 
7f8274075000-7f8274076000 ---p 00000000 00:00 0 
7f8274076000-7f8274176000 rw-p 00000000 00:00 0                          [stack:28654]
7f8274176000-7f8274177000 ---p 00000000 00:00 0 
7f8274177000-7f8274277000 rw-p 00000000 00:00 0                          [stack:28653]
7f8274277000-7f8274278000 ---p 00000000 00:00 0 
7f8274278000-7f8274383000 rw-p 00000000 00:00 0                          [stack:28652]
7f8274383000-7f82743a1000 rw-p 00000000 00:00 0 
7f82743a1000-7f82743bb000 r-xp 00000000 08:06 14032691                   /usr/lib/jvm/java-7-oracle/jre/lib/amd64/libzip.so
7f82743bb000-7f82745bb000 ---p 0001a000 08:06 14032691                   /usr/lib/jvm/java-7-oracle/jre/lib/amd64/libzip.so
7f82745bb000-7f82745bc000 rw-p 0001a000 08:06 14032691                   /usr/lib/jvm/java-7-oracle/jre/lib/amd64/libzip.so
7f82745bc000-7f82745c7000 r-xp 00000000 08:06 13369447                   /lib/x86_64-linux-gnu/libnss_files-2.19.so
7f82745c7000-7f82747c6000 ---p 0000b000 08:06 13369447                   /lib/x86_64-linux-gnu/libnss_files-2.19.so
7f82747c6000-7f82747c7000 r--p 0000a000 08:06 13369447                   /lib/x86_64-linux-gnu/libnss_files-2.19.so
7f82747c7000-7f82747c8000 rw-p 0000b000 08:06 13369447                   /lib/x86_64-linux-gnu/libnss_files-2.19.so
7f82747c8000-7f82747d3000 r-xp 00000000 08:06 13369448                   /lib/x86_64-linux-gnu/libnss_nis-2.19.so
7f82747d3000-7f82749d2000 ---p 0000b000 08:06 13369448                   /lib/x86_64-linux-gnu/libnss_nis-2.19.so
7f82749d2000-7f82749d3000 r--p 0000a000 08:06 13369448                   /lib/x86_64-linux-gnu/libnss_nis-2.19.so
7f82749d3000-7f82749d4000 rw-p 0000b000 08:06 13369448                   /lib/x86_64-linux-gnu/libnss_nis-2.19.so
7f82749d4000-7f82749eb000 r-xp 00000000 08:06 13369374                   /lib/x86_64-linux-gnu/libnsl-2.19.so
7f82749eb000-7f8274bea000 ---p 00017000 08:06 13369374                   /lib/x86_64-linux-gnu/libnsl-2.19.so
7f8274bea000-7f8274beb000 r--p 00016000 08:06 13369374                   /lib/x86_64-linux-gnu/libnsl-2.19.so
7f8274beb000-7f8274bec000 rw-p 00017000 08:06 13369374                   /lib/x86_64-linux-gnu/libnsl-2.19.so
7f8274bec000-7f8274bee000 rw-p 00000000 00:00 0 
7f8274bee000-7f8274bf7000 r-xp 00000000 08:06 13369363                   /lib/x86_64-linux-gnu/libnss_compat-2.19.so
7f8274bf7000-7f8274df6000 ---p 00009000 08:06 13369363                   /lib/x86_64-linux-gnu/libnss_compat-2.19.so
7f8274df6000-7f8274df7000 r--p 00008000 08:06 13369363                   /lib/x86_64-linux-gnu/libnss_compat-2.19.so
7f8274df7000-7f8274df8000 rw-p 00009000 08:06 13369363                   /lib/x86_64-linux-gnu/libnss_compat-2.19.so
7f8274df8000-7f8274e21000 r-xp 00000000 08:06 14032638                   /usr/lib/jvm/java-7-oracle/jre/lib/amd64/libjava.so
7f8274e21000-7f8275021000 ---p 00029000 08:06 14032638                   /usr/lib/jvm/java-7-oracle/jre/lib/amd64/libjava.so
7f8275021000-7f8275023000 rw-p 00029000 08:06 14032638                   /usr/lib/jvm/java-7-oracle/jre/lib/amd64/libjava.so
7f8275023000-7f8275030000 r-xp 00000000 08:06 14032656                   /usr/lib/jvm/java-7-oracle/jre/lib/amd64/libverify.so
7f8275030000-7f827522f000 ---p 0000d000 08:06 14032656                   /usr/lib/jvm/java-7-oracle/jre/lib/amd64/libverify.so
7f827522f000-7f8275231000 rw-p 0000c000 08:06 14032656                   /usr/lib/jvm/java-7-oracle/jre/lib/amd64/libverify.so
7f8275231000-7f8275238000 r-xp 00000000 08:06 13369436                   /lib/x86_64-linux-gnu/librt-2.19.so
7f8275238000-7f8275437000 ---p 00007000 08:06 13369436                   /lib/x86_64-linux-gnu/librt-2.19.so
7f8275437000-7f8275438000 r--p 00006000 08:06 13369436                   /lib/x86_64-linux-gnu/librt-2.19.so
7f8275438000-7f8275439000 rw-p 00007000 08:06 13369436                   /lib/x86_64-linux-gnu/librt-2.19.so
7f8275439000-7f827553e000 r-xp 00000000 08:06 13369443                   /lib/x86_64-linux-gnu/libm-2.19.so
7f827553e000-7f827573d000 ---p 00105000 08:06 13369443                   /lib/x86_64-linux-gnu/libm-2.19.so
7f827573d000-7f827573e000 r--p 00104000 08:06 13369443                   /lib/x86_64-linux-gnu/libm-2.19.so
7f827573e000-7f827573f000 rw-p 00105000 08:06 13369443                   /lib/x86_64-linux-gnu/libm-2.19.so
7f827573f000-7f82762af000 r-xp 00000000 08:06 14032664                   /usr/lib/jvm/java-7-oracle/jre/lib/amd64/server/libjvm.so
7f82762af000-7f82764ae000 ---p 00b70000 08:06 14032664                   /usr/lib/jvm/java-7-oracle/jre/lib/amd64/server/libjvm.so
7f82764ae000-7f8276573000 rw-p 00b6f000 08:06 14032664                   /usr/lib/jvm/java-7-oracle/jre/lib/amd64/server/libjvm.so
7f8276573000-7f82765b3000 rw-p 00000000 00:00 0 
7f82765b3000-7f827676e000 r-xp 00000000 08:06 13369440                   /lib/x86_64-linux-gnu/libc-2.19.so
7f827676e000-7f827696e000 ---p 001bb000 08:06 13369440                   /lib/x86_64-linux-gnu/libc-2.19.so
7f827696e000-7f8276972000 r--p 001bb000 08:06 13369440                   /lib/x86_64-linux-gnu/libc-2.19.so
7f8276972000-7f8276974000 rw-p 001bf000 08:06 13369440                   /lib/x86_64-linux-gnu/libc-2.19.so
7f8276974000-7f8276979000 rw-p 00000000 00:00 0 
7f8276979000-7f827697c000 r-xp 00000000 08:06 13373258                   /lib/x86_64-linux-gnu/libdl-2.19.so
7f827697c000-7f8276b7b000 ---p 00003000 08:06 13373258                   /lib/x86_64-linux-gnu/libdl-2.19.so
7f8276b7b000-7f8276b7c000 r--p 00002000 08:06 13373258                   /lib/x86_64-linux-gnu/libdl-2.19.so
7f8276b7c000-7f8276b7d000 rw-p 00003000 08:06 13373258                   /lib/x86_64-linux-gnu/libdl-2.19.so
7f8276b7d000-7f8276b93000 r-xp 00000000 08:06 14163573                   /usr/lib/jvm/java-7-oracle/lib/amd64/jli/libjli.so
7f8276b93000-7f8276d93000 ---p 00016000 08:06 14163573                   /usr/lib/jvm/java-7-oracle/lib/amd64/jli/libjli.so
7f8276d93000-7f8276d94000 rw-p 00016000 08:06 14163573                   /usr/lib/jvm/java-7-oracle/lib/amd64/jli/libjli.so
7f8276d94000-7f8276dad000 r-xp 00000000 08:06 13373303                   /lib/x86_64-linux-gnu/libpthread-2.19.so
7f8276dad000-7f8276fac000 ---p 00019000 08:06 13373303                   /lib/x86_64-linux-gnu/libpthread-2.19.so
7f8276fac000-7f8276fad000 r--p 00018000 08:06 13373303                   /lib/x86_64-linux-gnu/libpthread-2.19.so
7f8276fad000-7f8276fae000 rw-p 00019000 08:06 13373303                   /lib/x86_64-linux-gnu/libpthread-2.19.so
7f8276fae000-7f8276fb2000 rw-p 00000000 00:00 0 
7f8276fb2000-7f8276fd5000 r-xp 00000000 08:06 13369441                   /lib/x86_64-linux-gnu/ld-2.19.so
7f8276fd5000-7f8276fd6000 r--s 00007000 08:06 4592025                    /home/vikki/gradle-new/lib/plugins/jarjar-maven-repository-metadata-3.0.4.jar
7f8276fd6000-7f8276fd7000 r--s 0000b000 08:06 4592022                    /home/vikki/gradle-new/lib/plugins/jarjar-maven-settings-3.0.4.jar
7f8276fd7000-7f8276fd9000 r--s 00000000 08:06 4591986                    /home/vikki/gradle-new/lib/jul-to-slf4j-1.7.7.jar
7f8276fd9000-7f8276fe3000 r--s 0005d000 08:06 4591982                    /home/vikki/gradle-new/lib/logback-core-1.0.13.jar
7f8276fe3000-7f8276fe9000 r--s 0003b000 08:06 4591983                    /home/vikki/gradle-new/lib/logback-classic-1.0.13.jar
7f8276fe9000-7f8276feb000 r--s 00006000 08:06 4591971                    /home/vikki/gradle-new/lib/slf4j-api-1.7.7.jar
7f8276feb000-7f8276ff4000 r--s 00039000 08:06 4591990                    /home/vikki/gradle-new/lib/gradle-messaging-2.2.1.jar
7f8276ff4000-7f8276ffe000 rw-p 00000000 00:00 0 
7f8276ffe000-7f82770b4000 rw-p 00000000 00:00 0 
7f82770b4000-7f82770b7000 ---p 00000000 00:00 0 
7f82770b7000-7f82771b9000 rw-p 00000000 00:00 0                          [stack:28651]
7f82771b9000-7f82771bb000 r--s 00008000 08:06 4591968                    /home/vikki/gradle-new/lib/gradle-native-2.2.1.jar
7f82771bb000-7f82771bd000 r--s 00005000 08:06 4591965                    /home/vikki/gradle-new/lib/gradle-cli-2.2.1.jar
7f82771bd000-7f82771c3000 r--s 00026000 08:06 4591963                    /home/vikki/gradle-new/lib/gradle-base-services-2.2.1.jar
7f82771c3000-7f82771c7000 r--s 0008a000 08:06 13904529                   /usr/lib/jvm/java-7-oracle/jre/lib/jsse.jar
7f82771c7000-7f82771c8000 r--s 00001000 08:06 7866973                    /home/vikki/.gradle/caches/2.2.1/workerMain/gradle-worker.jar
7f82771c8000-7f82771d0000 rw-s 00000000 08:06 7867465                    /tmp/hsperfdata_vikki/28646
7f82771d0000-7f82771d1000 rw-p 00000000 00:00 0 
7f82771d1000-7f82771d2000 ---p 00000000 00:00 0 
7f82771d2000-7f82771d4000 rw-p 00000000 00:00 0 
7f82771d4000-7f82771d5000 r--p 00022000 08:06 13369441                   /lib/x86_64-linux-gnu/ld-2.19.so
7f82771d5000-7f82771d6000 rw-p 00023000 08:06 13369441                   /lib/x86_64-linux-gnu/ld-2.19.so
7f82771d6000-7f82771d7000 rw-p 00000000 00:00 0 
7fffcfc8c000-7fffcfcad000 rw-p 00000000 00:00 0                          [stack]
7fffcfd64000-7fffcfd66000 r-xp 00000000 00:00 0                          [vdso]
ffffffffff600000-ffffffffff601000 r-xp 00000000 00:00 0                  [vsyscall]

VM Arguments:
jvm_args: -Djava.security.manager=jarjar.org.gradle.process.internal.child.BootstrapSecurityManager -Dfile.encoding=UTF-8 -Duser.country=IN -Duser.language=en -Duser.variant -ea 
java_command: jarjar.org.gradle.process.internal.launcher.GradleWorkerMain 'Gradle Test Executor 2'
Launcher Type: SUN_STANDARD

Environment Variables:
CLASSPATH=/home/vikki/gradle-new/lib/gradle-launcher-2.2.1.jar
PATH=/usr/local/sbin:/usr/local/bin:/usr/sbin:/usr/bin:/sbin:/bin:/usr/games:/usr/local/games:/opt/groovy/bin:/home/vikki/gradle-new/bin:/opt/groovy/bin:/home/vikki/gradle-new/bin
LD_LIBRARY_PATH=/opt/intellij/bin:
SHELL=/bin/bash
DISPLAY=:0.0

Signal Handlers:
SIGSEGV: [libjvm.so+0x99f4a0], sa_mask[0]=0x7ffbfeff, sa_flags=0x10000004
SIGBUS: [libjvm.so+0x99f4a0], sa_mask[0]=0x7ffbfeff, sa_flags=0x10000004
SIGFPE: [libjvm.so+0x81a860], sa_mask[0]=0x7ffbfeff, sa_flags=0x10000004
SIGPIPE: [libjvm.so+0x81a860], sa_mask[0]=0x7ffbfeff, sa_flags=0x10000004
SIGXFSZ: [libjvm.so+0x81a860], sa_mask[0]=0x7ffbfeff, sa_flags=0x10000004
SIGILL: [libjvm.so+0x81a860], sa_mask[0]=0x7ffbfeff, sa_flags=0x10000004
SIGUSR1: SIG_DFL, sa_mask[0]=0x00000000, sa_flags=0x00000000
SIGUSR2: [libjvm.so+0x81c060], sa_mask[0]=0x00000004, sa_flags=0x10000004
SIGHUP: [libjvm.so+0x81d160], sa_mask[0]=0x7ffbfeff, sa_flags=0x10000004
SIGINT: [libjvm.so+0x81d160], sa_mask[0]=0x7ffbfeff, sa_flags=0x10000004
SIGTERM: [libjvm.so+0x81d160], sa_mask[0]=0x7ffbfeff, sa_flags=0x10000004
SIGQUIT: [libjvm.so+0x81d160], sa_mask[0]=0x7ffbfeff, sa_flags=0x10000004


---------------  S Y S T E M  ---------------

OS:jessie/sid

uname:Linux 3.13.0-35-generic #62-Ubuntu SMP Fri Aug 15 01:58:42 UTC 2014 x86_64
libc:glibc 2.19 NPTL 2.19 
rlimit: STACK 8192k, CORE 0k, NPROC 125837, NOFILE 4096, AS infinity
load average:3.45 1.18 0.62

/proc/meminfo:
MemTotal:       16128756 kB
MemFree:         4950852 kB
Buffers:          418188 kB
Cached:          3723728 kB
SwapCached:            0 kB
Active:          7782624 kB
Inactive:        2941004 kB
Active(anon):    6583196 kB
Inactive(anon):   157192 kB
Active(file):    1199428 kB
Inactive(file):  2783812 kB
Unevictable:          80 kB
Mlocked:              80 kB
SwapTotal:      31349756 kB
SwapFree:       31349756 kB
Dirty:               160 kB
Writeback:             0 kB
AnonPages:       6585920 kB
Mapped:           263852 kB
Shmem:            158672 kB
Slab:             271208 kB
SReclaimable:     237200 kB
SUnreclaim:        34008 kB
KernelStack:        5016 kB
PageTables:        46160 kB
NFS_Unstable:          0 kB
Bounce:                0 kB
WritebackTmp:          0 kB
CommitLimit:    39414132 kB
Committed_AS:   10114480 kB
VmallocTotal:   34359738367 kB
VmallocUsed:      377176 kB
VmallocChunk:   34359352284 kB
HardwareCorrupted:     0 kB
AnonHugePages:   5525504 kB
HugePages_Total:       0
HugePages_Free:        0
HugePages_Rsvd:        0
HugePages_Surp:        0
Hugepagesize:       2048 kB
DirectMap4k:       63532 kB
DirectMap2M:    16404480 kB


CPU:total 4 (2 cores per cpu, 2 threads per core) family 6 model 58 stepping 9, cmov, cx8, fxsr, mmx, sse, sse2, sse3, ssse3, sse4.1, sse4.2, popcnt, avx, aes, erms, ht, tsc, tscinvbit, tscinv

/proc/cpuinfo:
processor	: 0
vendor_id	: GenuineIntel
cpu family	: 6
model		: 58
model name	: Intel(R) Core(TM) i5-3230M CPU @ 2.60GHz
stepping	: 9
microcode	: 0x16
cpu MHz		: 2601.000
cache size	: 3072 KB
physical id	: 0
siblings	: 4
core id		: 0
cpu cores	: 2
apicid		: 0
initial apicid	: 0
fpu		: yes
fpu_exception	: yes
cpuid level	: 13
wp		: yes
flags		: fpu vme de pse tsc msr pae mce cx8 apic sep mtrr pge mca cmov pat pse36 clflush dts acpi mmx fxsr sse sse2 ss ht tm pbe syscall nx rdtscp lm constant_tsc arch_perfmon pebs bts rep_good nopl xtopology nonstop_tsc aperfmperf eagerfpu pni pclmulqdq dtes64 monitor ds_cpl vmx est tm2 ssse3 cx16 xtpr pdcm pcid sse4_1 sse4_2 x2apic popcnt tsc_deadline_timer aes xsave avx f16c rdrand lahf_lm ida arat epb xsaveopt pln pts dtherm tpr_shadow vnmi flexpriority ept vpid fsgsbase smep erms
bogomips	: 5188.43
clflush size	: 64
cache_alignment	: 64
address sizes	: 36 bits physical, 48 bits virtual
power management:

processor	: 1
vendor_id	: GenuineIntel
cpu family	: 6
model		: 58
model name	: Intel(R) Core(TM) i5-3230M CPU @ 2.60GHz
stepping	: 9
microcode	: 0x16
cpu MHz		: 2601.000
cache size	: 3072 KB
physical id	: 0
siblings	: 4
core id		: 0
cpu cores	: 2
apicid		: 1
initial apicid	: 1
fpu		: yes
fpu_exception	: yes
cpuid level	: 13
wp		: yes
flags		: fpu vme de pse tsc msr pae mce cx8 apic sep mtrr pge mca cmov pat pse36 clflush dts acpi mmx fxsr sse sse2 ss ht tm pbe syscall nx rdtscp lm constant_tsc arch_perfmon pebs bts rep_good nopl xtopology nonstop_tsc aperfmperf eagerfpu pni pclmulqdq dtes64 monitor ds_cpl vmx est tm2 ssse3 cx16 xtpr pdcm pcid sse4_1 sse4_2 x2apic popcnt tsc_deadline_timer aes xsave avx f16c rdrand lahf_lm ida arat epb xsaveopt pln pts dtherm tpr_shadow vnmi flexpriority ept vpid fsgsbase smep erms
bogomips	: 5188.43
clflush size	: 64
cache_alignment	: 64
address sizes	: 36 bits physical, 48 bits virtual
power management:

processor	: 2
vendor_id	: GenuineIntel
cpu family	: 6
model		: 58
model name	: Intel(R) Core(TM) i5-3230M CPU @ 2.60GHz
stepping	: 9
microcode	: 0x16
cpu MHz		: 2601.000
cache size	: 3072 KB
physical id	: 0
siblings	: 4
core id		: 1
cpu cores	: 2
apicid		: 2
initial apicid	: 2
fpu		: yes
fpu_exception	: yes
cpuid level	: 13
wp		: yes
flags		: fpu vme de pse tsc msr pae mce cx8 apic sep mtrr pge mca cmov pat pse36 clflush dts acpi mmx fxsr sse sse2 ss ht tm pbe syscall nx rdtscp lm constant_tsc arch_perfmon pebs bts rep_good nopl xtopology nonstop_tsc aperfmperf eagerfpu pni pclmulqdq dtes64 monitor ds_cpl vmx est tm2 ssse3 cx16 xtpr pdcm pcid sse4_1 sse4_2 x2apic popcnt tsc_deadline_timer aes xsave avx f16c rdrand lahf_lm ida arat epb xsaveopt pln pts dtherm tpr_shadow vnmi flexpriority ept vpid fsgsbase smep erms
bogomips	: 5188.43
clflush size	: 64
cache_alignment	: 64
address sizes	: 36 bits physical, 48 bits virtual
power management:

processor	: 3
vendor_id	: GenuineIntel
cpu family	: 6
model		: 58
model name	: Intel(R) Core(TM) i5-3230M CPU @ 2.60GHz
stepping	: 9
microcode	: 0x16
cpu MHz		: 2601.000
cache size	: 3072 KB
physical id	: 0
siblings	: 4
core id		: 1
cpu cores	: 2
apicid		: 3
initial apicid	: 3
fpu		: yes
fpu_exception	: yes
cpuid level	: 13
wp		: yes
flags		: fpu vme de pse tsc msr pae mce cx8 apic sep mtrr pge mca cmov pat pse36 clflush dts acpi mmx fxsr sse sse2 ss ht tm pbe syscall nx rdtscp lm constant_tsc arch_perfmon pebs bts rep_good nopl xtopology nonstop_tsc aperfmperf eagerfpu pni pclmulqdq dtes64 monitor ds_cpl vmx est tm2 ssse3 cx16 xtpr pdcm pcid sse4_1 sse4_2 x2apic popcnt tsc_deadline_timer aes xsave avx f16c rdrand lahf_lm ida arat epb xsaveopt pln pts dtherm tpr_shadow vnmi flexpriority ept vpid fsgsbase smep erms
bogomips	: 5188.43
clflush size	: 64
cache_alignment	: 64
address sizes	: 36 bits physical, 48 bits virtual
power management:



Memory: 4k page, physical 16128756k(4950852k free), swap 31349756k(31349756k free)

vm_info: Java HotSpot(TM) 64-Bit Server VM (24.65-b04) for linux-amd64 JRE (1.7.0_67-b01), built on Jul 25 2014 09:20:21 by "java_re" with gcc 4.3.0 20080428 (Red Hat 4.3.0-8)

time: Wed Feb 11 03:13:59 2015
elapsed time: 43 seconds

