#
# A fatal error has been detected by the Java Runtime Environment:
#
#  SIGSEGV (0xb) at pc=0x00007f41472a2d21, pid=29019, tid=139918300256000
#
# JRE version: Java(TM) SE Runtime Environment (7.0_67-b01) (build 1.7.0_67-b01)
# Java VM: Java HotSpot(TM) 64-Bit Server VM (24.65-b04 mixed mode linux-amd64 compressed oops)
# Problematic frame:
# V  [libjvm.so+0x885d21]  oopDesc* PSPromotionManager::copy_to_survivor_space<false>(oopDesc*)+0x81
#
# Failed to write core dump. Core dumps have been disabled. To enable core dumping, try "ulimit -c unlimited" before starting Java again
#
# If you would like to submit a bug report, please visit:
#   http://bugreport.sun.com/bugreport/crash.jsp
#

---------------  T H R E A D  ---------------

Current thread (0x00007f4140020000):  GCTaskThread [stack: 0x00007f4144859000,0x00007f414495a000] [id=29025]

siginfo:si_signo=SIGSEGV: si_errno=0, si_code=1 (SEGV_MAPERR), si_addr=0x00000001e0a95c04

Registers:
RAX=0x00000001e0a95c04, RBX=0x000000072e05cf80, RCX=0x000000000000003c, RDX=0xd000000000000000
RSP=0x00007f4144958a70, RBP=0x00007f4144958ae0, RSI=0x000000000000003c, RDI=0xfffffffffffffff8
R8 =0x0000000000000001, R9 =0x00007f4147859178, R10=0x000000072e05ebd0, R11=0x0000000000000246
R12=0x00000007b9be0948, R13=0x00000001e0a95c06, R14=0x0000000000000000, R15=0x0000000000000004
RIP=0x00007f41472a2d21, EFLAGS=0x0000000000010202, CSGSFS=0x0000000000000033, ERR=0x0000000000000004
  TRAPNO=0x000000000000000e

Top of Stack: (sp=0x00007f4144958a70)
0x00007f4144958a70:   00007f4144958ae0 00007f4147859178
0x00007f4144958a80:   0000000000000020 00007f4140067640
0x00007f4144958a90:   000000072e05cbd0 0000000000000400
0x00007f4144958aa0:   00000007d2208000 0000000000001000
0x00007f4144958ab0:   00007f4144958b20 000000072e05cf80
0x00007f4144958ac0:   00007f4140067640 00007f414783d9a0
0x00007f4144958ad0:   0000000000000000 00007f41400676b0
0x00007f4144958ae0:   00007f4144958bd0 00007f41472a2628
0x00007f4144958af0:   00000007054ae260 00007f4144958b60
0x00007f4144958b00:   00007f4144958b70 00007f4144958b30
0x00007f4144958b10:   00007f4144958b40 00007f4144958b90
0x00007f4144958b20:   01007f4140067670 00007f41400676e0
0x00007f4144958b30:   00000007b9bdf9f0 0000000000000005
0x00007f4144958b40:   0000000000000001 0000000000000004
0x00007f4144958b50:   00007f4144958bd0 00007f41472a310f
0x00007f4144958b60:   0001021f00007457 00007f4147859178
0x00007f4144958b70:   0000cb40000014f3 00007f4140067640
0x00007f4144958b80:   0000cb41000014f3 00007f4147344f5a
0x00007f4144958b90:   000000072e05cf81 00007f41379f8688
0x00007f4144958ba0:   00000004478119b0 000000072e05bd00
0x00007f4144958bb0:   00007f414783d9a0 0000000000000000
0x00007f4144958bc0:   00007f4144958bf0 00007f4144958bfc
0x00007f4144958bd0:   00007f4144958c30 00007f41472a64fe
0x00007f4144958be0:   00007f411001b010 00007f4140067640
0x00007f4144958bf0:   000000072e05bd01 3f1af54e46f72b27
0x00007f4144958c00:   00007f4144958c30 00007f411001b010
0x00007f4144958c10:   00007f4140020000 0000000000000001
0x00007f4144958c20:   00007f4140020360 00007f414742f4ce
0x00007f4144958c30:   00007f4144958d40 00007f4146f7404f
0x00007f4144958c40:   0000000000000000 00007f4144958c80
0x00007f4144958c50:   00007f4144958d00 0000000000000000
0x00007f4144958c60:   00007f4140020390 00007f41400203a0 

Instructions: (pc=0x00007f41472a2d21)
0x00007f41472a2d01:   01 0f 85 28 01 00 00 89 f0 c1 f8 03 41 f6 c5 01
0x00007f41472a2d11:   4c 63 f8 0f 85 37 01 00 00 4c 89 e8 48 83 e0 fd
0x00007f41472a2d21:   48 8b 00 48 c1 e8 03 89 c2 48 8b 05 bf 17 58 00
0x00007f41472a2d31:   83 e2 0f 3b 10 0f 8d 30 01 00 00 48 8b 5d a8 4e 

Register to memory mapping:

RAX=0x00000001e0a95c04 is an unknown value
RBX=0x000000072e05cf80 is pointing into object: 0x000000072e05cf70
com.github.vignesh_iopex.tree.BinaryTree$Node
 - klass: 'com/github/vignesh_iopex/BinaryTree$Node'
RCX=0x000000000000003c is an unknown value
RDX=0xd000000000000000 is an unknown value
RSP=0x00007f4144958a70 is an unknown value
RBP=0x00007f4144958ae0 is an unknown value
RSI=0x000000000000003c is an unknown value
RDI=0xfffffffffffffff8 is an unknown value
R8 =0x0000000000000001 is an unknown value
R9 =0x00007f4147859178: <offset 0xe3c178> in /usr/lib/jvm/java-7-oracle/jre/lib/amd64/server/libjvm.so at 0x00007f4146a1d000
R10=
[error occurred during error reporting (printing register info), id 0xb]

Stack: [0x00007f4144859000,0x00007f414495a000],  sp=0x00007f4144958a70,  free space=1022k
Native frames: (J=compiled Java code, j=interpreted, Vv=VM code, C=native code)
V  [libjvm.so+0x885d21]  oopDesc* PSPromotionManager::copy_to_survivor_space<false>(oopDesc*)+0x81
V  [libjvm.so+0x885628]  PSPromotionManager::drain_stacks_depth(bool)+0x7f8
V  [libjvm.so+0x8894fe]  StealTask::do_it(GCTaskManager*, unsigned int)+0x19e
V  [libjvm.so+0x55704f]  GCTaskThread::run()+0x12f
V  [libjvm.so+0x81f988]  java_start(Thread*)+0x108


---------------  P R O C E S S  ---------------

Java Threads: ( => current thread )
  0x00007f41405e0800 JavaThread "/0:0:0:0:0:0:0:1:50607 to /0:0:0:0:0:0:0:1%1:58247 workers Thread 3" [_thread_in_native, id=29042, stack(0x00007f4135da7000,0x00007f4135ea8000)]
  0x00007f41405eb800 JavaThread "/0:0:0:0:0:0:0:1:50607 to /0:0:0:0:0:0:0:1%1:58247 workers Thread 2" [_thread_blocked, id=29041, stack(0x00007f4135ea8000,0x00007f4135fa9000)]
  0x00007f41405bd800 JavaThread "Test worker" [_thread_blocked, id=29040, stack(0x00007f4135fa9000,0x00007f41360aa000)]
  0x00007f41400c8800 JavaThread "Service Thread" daemon [_thread_blocked, id=29035, stack(0x00007f413670e000,0x00007f413680f000)]
  0x00007f41400c6800 JavaThread "C2 CompilerThread1" daemon [_thread_blocked, id=29034, stack(0x00007f413680f000,0x00007f4136910000)]
  0x00007f41400c2800 JavaThread "C2 CompilerThread0" daemon [_thread_blocked, id=29033, stack(0x00007f4136910000,0x00007f4136a11000)]
  0x00007f41400c5800 JavaThread "Signal Dispatcher" daemon [_thread_blocked, id=29032, stack(0x00007f4136a11000,0x00007f4136b12000)]
  0x00007f4140070000 JavaThread "Finalizer" daemon [_thread_blocked, id=29031, stack(0x00007f41376f7000,0x00007f41377f8000)]
  0x00007f414006e000 JavaThread "Reference Handler" daemon [_thread_blocked, id=29030, stack(0x00007f41377f8000,0x00007f41378f9000)]
  0x00007f414000a000 JavaThread "main" [_thread_blocked, id=29024, stack(0x00007f4148392000,0x00007f4148493000)]

Other Threads:
  0x00007f414006a000 VMThread [stack: 0x00007f41378f9000,0x00007f41379fa000] [id=29029]
  0x00007f41400db000 WatcherThread [stack: 0x00007f413660d000,0x00007f413670e000] [id=29036]

=>0x00007f4140020000 (exited) GCTaskThread [stack: 0x00007f4144859000,0x00007f414495a000] [id=29025]

VM state:at safepoint (normal execution)

VM Mutex/Monitor currently owned by a thread:  ([mutex/lock_event])
[0x00007f4140006540] Threads_lock - owner thread: 0x00007f414006a000
[0x00007f4140006a40] Heap_lock - owner thread: 0x00007f41405bd800

Heap
 PSYoungGen      total 659968K, used 578304K [0x00000007adf00000, 0x00000007e8400000, 0x0000000800000000)
  eden space 392192K, 100% used [0x00000007adf00000,0x00000007c5e00000,0x00000007c5e00000)
  from space 267776K, 69% used [0x00000007d7e80000,0x00000007e3440000,0x00000007e8400000)
  to   space 281600K, 100% used [0x00000007c5e00000,0x00000007d7100000,0x00000007d7100000)
 ParOldGen       total 933888K, used 592250K [0x0000000709e00000, 0x0000000742e00000, 0x00000007adf00000)
  object space 933888K, 63% used [0x0000000709e00000,0x000000072e05ebd0,0x0000000742e00000)
 PSPermGen       total 21504K, used 8891K [0x0000000704c00000, 0x0000000706100000, 0x0000000709e00000)
  object space 21504K, 41% used [0x0000000704c00000,0x00000007054aeff0,0x0000000706100000)

Card table byte_map: [0x00007f4144ea4000,0x00007f414567f000] byte_map_base: 0x00007f414167e000

Polling page: 0x00007f41484af000

Code Cache  [0x00007f413d000000, 0x00007f413d270000, 0x00007f4140000000)
 total_blobs=365 nmethods=97 adapters=221 free_code_cache=48489Kb largest_free_block=49619392

Compilation events (10 events):
Event: 0.714 Thread 0x00007f41400c2800 nmethod 93 0x00007f413d09e810 code [0x00007f413d09e940, 0x00007f413d09e998]
Event: 0.714 Thread 0x00007f41400c2800   94             java.util.LinkedList::remove (5 bytes)
Event: 0.715 Thread 0x00007f41400c2800 nmethod 94 0x00007f413d09e510 code [0x00007f413d09e660, 0x00007f413d09e738]
Event: 0.715 Thread 0x00007f41400c2800   95             java.util.LinkedList::removeFirst (23 bytes)
Event: 0.716 Thread 0x00007f41400c2800 nmethod 95 0x00007f413d09e210 code [0x00007f413d09e360, 0x00007f413d09e438]
Event: 0.716 Thread 0x00007f41400c2800   96             java.util.LinkedList::unlinkFirst (64 bytes)
Event: 0.717 Thread 0x00007f41400c2800 nmethod 96 0x00007f413d09df50 code [0x00007f413d09e0a0, 0x00007f413d09e158]
Event: 0.717 Thread 0x00007f41400c2800   97 %           com.github.vignesh_iopex.tree.BinaryTree::buildTree @ 53 (223 bytes)
Event: 0.729 Thread 0x00007f41400c2800 nmethod 97% 0x00007f413d0a1a10 code [0x00007f413d0a1be0, 0x00007f413d0a2358]
Event: 0.790 Thread 0x00007f41400c6800 nmethod 85% 0x00007f413d0a8850 code [0x00007f413d0a8ca0, 0x00007f413d0ab5a8]

GC Heap History (10 events):
Event: 5.479 GC heap after
Heap after GC invocations=7 (full 2):
 PSYoungGen      total 264192K, used 7672K [0x00000007adf00000, 0x00000007d1900000, 0x0000000800000000)
  eden space 253952K, 0% used [0x00000007adf00000,0x00000007adf00000,0x00000007bd700000)
  from space 10240K, 74% used [0x00000007bd700000,0x00000007bde7e200,0x00000007be100000)
  to   space 138752K, 0% used [0x00000007c9180000,0x00000007c9180000,0x00000007d1900000)
 ParOldGen       total 577536K, used 301824K [0x0000000709e00000, 0x000000072d200000, 0x00000007adf00000)
  object space 577536K, 52% used [0x0000000709e00000,0x000000071c4c01d8,0x000000072d200000)
 PSPermGen       total 21504K, used 8891K [0x0000000704c00000, 0x0000000706100000, 0x0000000709e00000)
  object space 21504K, 41% used [0x0000000704c00000,0x00000007054aeff0,0x0000000706100000)
}
Event: 5.560 GC heap before
{Heap before GC invocations=8 (full 2):
 PSYoungGen      total 264192K, used 261624K [0x00000007adf00000, 0x00000007d1900000, 0x0000000800000000)
  eden space 253952K, 100% used [0x00000007adf00000,0x00000007bd700000,0x00000007bd700000)
  from space 10240K, 74% used [0x00000007bd700000,0x00000007bde7e200,0x00000007be100000)
  to   space 138752K, 0% used [0x00000007c9180000,0x00000007c9180000,0x00000007d1900000)
 ParOldGen       total 577536K, used 301824K [0x0000000709e00000, 0x000000072d200000, 0x00000007adf00000)
  object space 577536K, 52% used [0x0000000709e00000,0x000000071c4c01d8,0x000000072d200000)
 PSPermGen       total 21504K, used 8891K [0x0000000704c00000, 0x0000000706100000, 0x0000000709e00000)
  object space 21504K, 41% used [0x0000000704c00000,0x00000007054aeff0,0x0000000706100000)
Event: 5.968 GC heap after
Heap after GC invocations=8 (full 2):
 PSYoungGen      total 408576K, used 138752K [0x00000007adf00000, 0x00000007d9d80000, 0x0000000800000000)
  eden space 269824K, 0% used [0x00000007adf00000,0x00000007adf00000,0x00000007be680000)
  from space 138752K, 100% used [0x00000007c9180000,0x00000007d1900000,0x00000007d1900000)
  to   space 175104K, 0% used [0x00000007be680000,0x00000007be680000,0x00000007c9180000)
 ParOldGen       total 577536K, used 316072K [0x0000000709e00000, 0x000000072d200000, 0x00000007adf00000)
  object space 577536K, 54% used [0x0000000709e00000,0x000000071d2aa1d8,0x000000072d200000)
 PSPermGen       total 21504K, used 8891K [0x0000000704c00000, 0x0000000706100000, 0x0000000709e00000)
  object space 21504K, 41% used [0x0000000704c00000,0x00000007054aeff0,0x0000000706100000)
}
Event: 6.047 GC heap before
{Heap before GC invocations=9 (full 2):
 PSYoungGen      total 408576K, used 408576K [0x00000007adf00000, 0x00000007d9d80000, 0x0000000800000000)
  eden space 269824K, 100% used [0x00000007adf00000,0x00000007be680000,0x00000007be680000)
  from space 138752K, 100% used [0x00000007c9180000,0x00000007d1900000,0x00000007d1900000)
  to   space 175104K, 0% used [0x00000007be680000,0x00000007be680000,0x00000007c9180000)
 ParOldGen       total 577536K, used 316072K [0x0000000709e00000, 0x000000072d200000, 0x00000007adf00000)
  object space 577536K, 54% used [0x0000000709e00000,0x000000071d2aa1d8,0x000000072d200000)
 PSPermGen       total 21504K, used 8891K [0x0000000704c00000, 0x0000000706100000, 0x0000000709e00000)
  object space 21504K, 41% used [0x0000000704c00000,0x00000007054aeff0,0x0000000706100000)
Event: 6.510 GC heap after
Heap after GC invocations=9 (full 2):
 PSYoungGen      total 444928K, used 175104K [0x00000007adf00000, 0x00000007e8480000, 0x0000000800000000)
  eden space 269824K, 0% used [0x00000007adf00000,0x00000007adf00000,0x00000007be680000)
  from space 175104K, 100% used [0x00000007be680000,0x00000007c9180000,0x00000007c9180000)
  to   space 268288K, 0% used [0x00000007d7e80000,0x00000007d7e80000,0x00000007e8480000)
 ParOldGen       total 577536K, used 434424K [0x0000000709e00000, 0x000000072d200000, 0x00000007adf00000)
  object space 577536K, 75% used [0x0000000709e00000,0x000000072463e1d8,0x000000072d200000)
 PSPermGen       total 21504K, used 8891K [0x0000000704c00000, 0x0000000706100000, 0x0000000709e00000)
  object space 21504K, 41% used [0x0000000704c00000,0x00000007054aeff0,0x0000000706100000)
}
Event: 6.510 GC heap before
{Heap before GC invocations=10 (full 3):
 PSYoungGen      total 444928K, used 175104K [0x00000007adf00000, 0x00000007e8480000, 0x0000000800000000)
  eden space 269824K, 0% used [0x00000007adf00000,0x00000007adf00000,0x00000007be680000)
  from space 175104K, 100% used [0x00000007be680000,0x00000007c9180000,0x00000007c9180000)
  to   space 268288K, 0% used [0x00000007d7e80000,0x00000007d7e80000,0x00000007e8480000)
 ParOldGen       total 577536K, used 434424K [0x0000000709e00000, 0x000000072d200000, 0x00000007adf00000)
  object space 577536K, 75% used [0x0000000709e00000,0x000000072463e1d8,0x000000072d200000)
 PSPermGen       total 21504K, used 8891K [0x0000000704c00000, 0x0000000706100000, 0x0000000709e00000)
  object space 21504K, 41% used [0x0000000704c00000,0x00000007054aeff0,0x0000000706100000)
Event: 9.608 GC heap after
Heap after GC invocations=10 (full 3):
 PSYoungGen      total 444928K, used 31713K [0x00000007adf00000, 0x00000007e8480000, 0x0000000800000000)
  eden space 269824K, 0% used [0x00000007adf00000,0x00000007adf00000,0x00000007be680000)
  from space 175104K, 18% used [0x00000007be680000,0x00000007c0578400,0x00000007c9180000)
  to   space 268288K, 0% used [0x00000007d7e80000,0x00000007d7e80000,0x00000007e8480000)
 ParOldGen       total 933888K, used 577082K [0x0000000709e00000, 0x0000000742e00000, 0x00000007adf00000)
  object space 933888K, 61% used [0x0000000709e00000,0x000000072d18ebd0,0x0000000742e00000)
 PSPermGen       total 21504K, used 8891K [0x0000000704c00000, 0x0000000706100000, 0x0000000709e00000)
  object space 21504K, 41% used [0x0000000704c00000,0x00000007054aeff0,0x0000000706100000)
}
Event: 9.686 GC heap before
{Heap before GC invocations=11 (full 3):
 PSYoungGen      total 444928K, used 301537K [0x00000007adf00000, 0x00000007e8480000, 0x0000000800000000)
  eden space 269824K, 100% used [0x00000007adf00000,0x00000007be680000,0x00000007be680000)
  from space 175104K, 18% used [0x00000007be680000,0x00000007c0578400,0x00000007c9180000)
  to   space 268288K, 0% used [0x00000007d7e80000,0x00000007d7e80000,0x00000007e8480000)
 ParOldGen       total 933888K, used 577082K [0x0000000709e00000, 0x0000000742e00000, 0x00000007adf00000)
  object space 933888K, 61% used [0x0000000709e00000,0x000000072d18ebd0,0x0000000742e00000)
 PSPermGen       total 21504K, used 8891K [0x0000000704c00000, 0x0000000706100000, 0x0000000709e00000)
  object space 21504K, 41% used [0x0000000704c00000,0x00000007054aeff0,0x0000000706100000)
Event: 10.249 GC heap after
Heap after GC invocations=11 (full 3):
 PSYoungGen      total 659968K, used 186112K [0x00000007adf00000, 0x00000007e8400000, 0x0000000800000000)
  eden space 392192K, 0% used [0x00000007adf00000,0x00000007adf00000,0x00000007c5e00000)
  from space 267776K, 69% used [0x00000007d7e80000,0x00000007e3440000,0x00000007e8400000)
  to   space 281600K, 0% used [0x00000007c5e00000,0x00000007c5e00000,0x00000007d7100000)
 ParOldGen       total 933888K, used 577082K [0x0000000709e00000, 0x0000000742e00000, 0x00000007adf00000)
  object space 933888K, 61% used [0x0000000709e00000,0x000000072d18ebd0,0x0000000742e00000)
 PSPermGen       total 21504K, used 8891K [0x0000000704c00000, 0x0000000706100000, 0x0000000709e00000)
  object space 21504K, 41% used [0x0000000704c00000,0x00000007054aeff0,0x0000000706100000)
}
Event: 10.362 GC heap before
{Heap before GC invocations=12 (full 3):
 PSYoungGen      total 659968K, used 578304K [0x00000007adf00000, 0x00000007e8400000, 0x0000000800000000)
  eden space 392192K, 100% used [0x00000007adf00000,0x00000007c5e00000,0x00000007c5e00000)
  from space 267776K, 69% used [0x00000007d7e80000,0x00000007e3440000,0x00000007e8400000)
  to   space 281600K, 0% used [0x00000007c5e00000,0x00000007c5e00000,0x00000007d7100000)
 ParOldGen       total 933888K, used 577082K [0x0000000709e00000, 0x0000000742e00000, 0x00000007adf00000)
  object space 933888K, 61% used [0x0000000709e00000,0x000000072d18ebd0,0x0000000742e00000)
 PSPermGen       total 21504K, used 8891K [0x0000000704c00000, 0x0000000706100000, 0x0000000709e00000)
  object space 21504K, 41% used [0x0000000704c00000,0x00000007054aeff0,0x0000000706100000)

Deoptimization events (10 events):
Event: 0.456 Thread 0x00007f414000a000 Uncommon trap: reason=class_check action=maybe_recompile pc=0x00007f413d0867e4 method=sun.misc.URLClassPath.getLoader(I)Lsun/misc/URLClassPath$Loader; @ 94
Event: 0.456 Thread 0x00007f414000a000 Uncommon trap: reason=class_check action=maybe_recompile pc=0x00007f413d0867e4 method=sun.misc.URLClassPath.getLoader(I)Lsun/misc/URLClassPath$Loader; @ 94
Event: 0.456 Thread 0x00007f414000a000 Uncommon trap: reason=class_check action=maybe_recompile pc=0x00007f413d0867e4 method=sun.misc.URLClassPath.getLoader(I)Lsun/misc/URLClassPath$Loader; @ 94
Event: 0.499 Thread 0x00007f414000a000 Uncommon trap: reason=class_check action=maybe_recompile pc=0x00007f413d0989a0 method=sun.misc.URLClassPath.getLoader(I)Lsun/misc/URLClassPath$Loader; @ 150
Event: 0.499 Thread 0x00007f414000a000 Uncommon trap: reason=class_check action=maybe_recompile pc=0x00007f413d086854 method=sun.misc.URLClassPath.getLoader(I)Lsun/misc/URLClassPath$Loader; @ 150
Event: 0.591 Thread 0x00007f41405bd800 Uncommon trap: reason=class_check action=maybe_recompile pc=0x00007f413d0989a0 method=sun.misc.URLClassPath.getLoader(I)Lsun/misc/URLClassPath$Loader; @ 150
Event: 0.634 Thread 0x00007f41405bd800 Uncommon trap: reason=class_check action=maybe_recompile pc=0x00007f413d08c058 method=java.util.regex.Pattern$BmpCharProperty.match(Ljava/util/regex/Matcher;ILjava/lang/CharSequence;)Z @ 31
Event: 0.634 Thread 0x00007f41405bd800 Uncommon trap: reason=class_check action=maybe_recompile pc=0x00007f413d08c058 method=java.util.regex.Pattern$BmpCharProperty.match(Ljava/util/regex/Matcher;ILjava/lang/CharSequence;)Z @ 31
Event: 0.634 Thread 0x00007f41405bd800 Uncommon trap: reason=class_check action=maybe_recompile pc=0x00007f413d08c058 method=java.util.regex.Pattern$BmpCharProperty.match(Ljava/util/regex/Matcher;ILjava/lang/CharSequence;)Z @ 31
Event: 0.634 Thread 0x00007f41405bd800 Uncommon trap: reason=class_check action=maybe_recompile pc=0x00007f413d08c058 method=java.util.regex.Pattern$BmpCharProperty.match(Ljava/util/regex/Matcher;ILjava/lang/CharSequence;)Z @ 31

Internal exceptions (10 events):
Event: 0.684 Thread 0x00007f41405bd800 Threw 0x00000007b0222e48 at /HUDSON/workspace/7u-2-build-linux-amd64/jdk7u67/1368/hotspot/src/share/vm/prims/jvm.cpp:1244
Event: 0.685 Thread 0x00007f41405bd800 Threw 0x00000007b023cb70 at /HUDSON/workspace/7u-2-build-linux-amd64/jdk7u67/1368/hotspot/src/share/vm/prims/jvm.cpp:1244
Event: 0.685 Thread 0x00007f41405bd800 Threw 0x00000007b023dac0 at /HUDSON/workspace/7u-2-build-linux-amd64/jdk7u67/1368/hotspot/src/share/vm/prims/jvm.cpp:1244
Event: 0.686 Thread 0x00007f41405bd800 Threw 0x00000007b024fd00 at /HUDSON/workspace/7u-2-build-linux-amd64/jdk7u67/1368/hotspot/src/share/vm/prims/jvm.cpp:1244
Event: 0.688 Thread 0x00007f41405bd800 Threw 0x00000007b025b220 at /HUDSON/workspace/7u-2-build-linux-amd64/jdk7u67/1368/hotspot/src/share/vm/prims/jvm.cpp:1244
Event: 0.689 Thread 0x00007f41405bd800 Threw 0x00000007b025ec98 at /HUDSON/workspace/7u-2-build-linux-amd64/jdk7u67/1368/hotspot/src/share/vm/prims/jvm.cpp:1244
Event: 0.689 Thread 0x00007f41405bd800 Threw 0x00000007b02627d0 at /HUDSON/workspace/7u-2-build-linux-amd64/jdk7u67/1368/hotspot/src/share/vm/prims/jvm.cpp:1244
Event: 0.691 Thread 0x00007f41405bd800 Threw 0x00000007b026a278 at /HUDSON/workspace/7u-2-build-linux-amd64/jdk7u67/1368/hotspot/src/share/vm/prims/jvm.cpp:1244
Event: 0.693 Thread 0x00007f41405bd800 Threw 0x00000007b0273db8 at /HUDSON/workspace/7u-2-build-linux-amd64/jdk7u67/1368/hotspot/src/share/vm/prims/jvm.cpp:1244
Event: 0.694 Thread 0x00007f41405bd800 Threw 0x00000007b0277b70 at /HUDSON/workspace/7u-2-build-linux-amd64/jdk7u67/1368/hotspot/src/share/vm/prims/jvm.cpp:1244

Events (10 events):
Event: 2.318 Executing VM operation: ParallelGCFailedAllocation done
Event: 2.380 Executing VM operation: ParallelGCFailedAllocation
Event: 5.479 Executing VM operation: ParallelGCFailedAllocation done
Event: 5.560 Executing VM operation: ParallelGCFailedAllocation
Event: 5.968 Executing VM operation: ParallelGCFailedAllocation done
Event: 6.047 Executing VM operation: ParallelGCFailedAllocation
Event: 9.608 Executing VM operation: ParallelGCFailedAllocation done
Event: 9.686 Executing VM operation: ParallelGCFailedAllocation
Event: 10.249 Executing VM operation: ParallelGCFailedAllocation done
Event: 10.362 Executing VM operation: ParallelGCFailedAllocation


Dynamic libraries:
00400000-00401000 r-xp 00000000 08:06 13904429                           /usr/lib/jvm/java-7-oracle/bin/java
00600000-00601000 rw-p 00000000 08:06 13904429                           /usr/lib/jvm/java-7-oracle/bin/java
019c1000-019e2000 rw-p 00000000 00:00 0                                  [heap]
704c00000-706100000 rw-p 00000000 00:00 0 
706100000-709e00000 rw-p 00000000 00:00 0 
709e00000-742e00000 rw-p 00000000 00:00 0 
742e00000-7adf00000 rw-p 00000000 00:00 0 
7adf00000-7e8400000 rw-p 00000000 00:00 0 
7e8400000-7e8480000 ---p 00000000 00:00 0 
7e8480000-800000000 rw-p 00000000 00:00 0 
7f40f4000000-7f40f4021000 rw-p 00000000 00:00 0 
7f40f4021000-7f40f8000000 ---p 00000000 00:00 0 
7f40f8000000-7f40f8069000 rw-p 00000000 00:00 0 
7f40f8069000-7f40fc000000 ---p 00000000 00:00 0 
7f40fc000000-7f40fc021000 rw-p 00000000 00:00 0 
7f40fc021000-7f4100000000 ---p 00000000 00:00 0 
7f4100000000-7f4100054000 rw-p 00000000 00:00 0 
7f4100054000-7f4104000000 ---p 00000000 00:00 0 
7f4104000000-7f41044f3000 rw-p 00000000 00:00 0 
7f41044f3000-7f4108000000 ---p 00000000 00:00 0 
7f4108000000-7f4108021000 rw-p 00000000 00:00 0 
7f4108021000-7f410c000000 ---p 00000000 00:00 0 
7f410c000000-7f410c021000 rw-p 00000000 00:00 0 
7f410c021000-7f4110000000 ---p 00000000 00:00 0 
7f4110000000-7f411064b000 rw-p 00000000 00:00 0 
7f411064b000-7f4114000000 ---p 00000000 00:00 0 
7f4114000000-7f4114021000 rw-p 00000000 00:00 0 
7f4114021000-7f4118000000 ---p 00000000 00:00 0 
7f4118000000-7f4118021000 rw-p 00000000 00:00 0 
7f4118021000-7f411c000000 ---p 00000000 00:00 0 
7f411c000000-7f411c021000 rw-p 00000000 00:00 0 
7f411c021000-7f4120000000 ---p 00000000 00:00 0 
7f4120260000-7f4128000000 rw-p 00000000 00:00 0 
7f4128000000-7f4128021000 rw-p 00000000 00:00 0 
7f4128021000-7f412c000000 ---p 00000000 00:00 0 
7f412c000000-7f412c021000 rw-p 00000000 00:00 0 
7f412c021000-7f4130000000 ---p 00000000 00:00 0 
7f4130000000-7f4130021000 rw-p 00000000 00:00 0 
7f4130021000-7f4134000000 ---p 00000000 00:00 0 
7f4135b5f000-7f4135da7000 rw-p 00000000 00:00 0 
7f4135da7000-7f4135daa000 ---p 00000000 00:00 0 
7f4135daa000-7f4135ea8000 rw-p 00000000 00:00 0                          [stack:29042]
7f4135ea8000-7f4135eab000 ---p 00000000 00:00 0 
7f4135eab000-7f4135fa9000 rw-p 00000000 00:00 0                          [stack:29041]
7f4135fa9000-7f4135fac000 ---p 00000000 00:00 0 
7f4135fac000-7f41360aa000 rw-p 00000000 00:00 0                          [stack:29040]
7f41360aa000-7f41360ac000 r--s 00009000 08:06 7865767                    /home/vikki/.gradle/caches/modules-2/files-2.1/org.hamcrest/hamcrest-core/1.3/42a25dc3219429f0e5d060061f71acb49bf010a0/hamcrest-core-1.3.jar
7f41360ac000-7f41360b9000 r--s 0008b000 08:06 7867212                    /home/vikki/.gradle/caches/modules-2/files-2.1/org.assertj/assertj-core/1.7.1/c12282981e9bab2afdd38987295e76b35c33abb2/assertj-core-1.7.1.jar
7f41360b9000-7f41360bf000 r--s 00036000 08:06 7865768                    /home/vikki/.gradle/caches/modules-2/files-2.1/junit/junit/4.11/4e031bb61df09069aeb2bffb4019e7a5034a4ee0/junit-4.11.jar
7f41360bf000-7f41360c8000 r--s 0002c000 08:06 4591967                    /home/vikki/gradle-new/lib/gradle-tooling-api-2.2.1.jar
7f41360c8000-7f41360ca000 r--s 00002000 08:06 4592000                    /home/vikki/gradle-new/lib/gradle-open-api-2.2.1.jar
7f41360ca000-7f41360d0000 r--s 00032000 08:06 4592002                    /home/vikki/gradle-new/lib/jaxen-1.1.jar
7f41360d0000-7f41360d5000 r--s 00048000 08:06 4592001                    /home/vikki/gradle-new/lib/dom4j-1.6.1.jar
7f41360d5000-7f41360e0000 r--s 00059000 08:06 4591966                    /home/vikki/gradle-new/lib/gradle-ui-2.2.1.jar
7f41360e0000-7f41360e2000 r--s 00006000 08:06 4591991                    /home/vikki/gradle-new/lib/gradle-resources-2.2.1.jar
7f41360e2000-7f41360e4000 r--s 00007000 08:06 4592019                    /home/vikki/gradle-new/lib/objenesis-1.2.jar
7f41360e4000-7f41360e6000 r--s 00000000 08:06 4592018                    /home/vikki/gradle-new/lib/minlog-1.2.jar
7f41360e6000-7f41360e8000 r--s 0000f000 08:06 4592017                    /home/vikki/gradle-new/lib/reflectasm-1.07-shaded.jar
7f41360e8000-7f41360ec000 r--s 00026000 08:06 4592007                    /home/vikki/gradle-new/lib/kryo-2.20.jar
7f41360ec000-7f41360ed000 r--s 00003000 08:06 4592016                    /home/vikki/gradle-new/lib/native-platform-freebsd-amd64-0.10.jar
7f41360ed000-7f41360ee000 r--s 00003000 08:06 4592015                    /home/vikki/gradle-new/lib/native-platform-freebsd-i386-0.10.jar
7f41360ee000-7f41360ef000 r--s 00005000 08:06 4592013                    /home/vikki/gradle-new/lib/native-platform-windows-i386-0.10.jar
7f41360ef000-7f41360f0000 r--s 00005000 08:06 4592012                    /home/vikki/gradle-new/lib/native-platform-windows-amd64-0.10.jar
7f41360f0000-7f41360f1000 r--s 00003000 08:06 4592011                    /home/vikki/gradle-new/lib/native-platform-linux-i386-0.10.jar
7f41360f1000-7f41360f2000 r--s 00003000 08:06 4592010                    /home/vikki/gradle-new/lib/native-platform-linux-amd64-0.10.jar
7f41360f2000-7f41360f3000 r--s 00002000 08:06 4592009                    /home/vikki/gradle-new/lib/native-platform-osx-amd64-0.10.jar
7f41360f3000-7f41360f4000 r--s 00002000 08:06 4592008                    /home/vikki/gradle-new/lib/native-platform-osx-i386-0.10.jar
7f41360f4000-7f41360f6000 r--s 00008000 08:06 4592005                    /home/vikki/gradle-new/lib/jansi-1.2.1.jar
7f41360f6000-7f41360f9000 r--s 0000d000 08:06 4592004                    /home/vikki/gradle-new/lib/native-platform-0.10.jar
7f41360f9000-7f41360fd000 r--s 000e4000 08:06 4592003                    /home/vikki/gradle-new/lib/jna-3.2.7.jar
7f41360fd000-7f41360ff000 r--s 00003000 08:06 4591989                    /home/vikki/gradle-new/lib/gradle-base-services-groovy-2.2.1.jar
7f41360ff000-7f4136101000 r--s 0000a000 08:06 4591976                    /home/vikki/gradle-new/lib/gradle-model-groovy-2.2.1.jar
7f4136101000-7f4136105000 r--s 0001b000 08:06 4591975                    /home/vikki/gradle-new/lib/gradle-model-core-2.2.1.jar
7f4136105000-7f4136106000 r--s 00000000 08:06 4591992                    /home/vikki/gradle-new/lib/gradle-docs-2.2.1.jar
7f4136106000-7f4136107000 r--s 00005000 08:06 4591995                    /home/vikki/gradle-new/lib/log4j-over-slf4j-1.7.7.jar
7f4136107000-7f413610a000 r--s 0001b000 08:06 4591987                    /home/vikki/gradle-new/lib/jarjar-1.3.jar
7f413610a000-7f413610b000 r--s 00000000 08:06 4591985                    /home/vikki/gradle-new/lib/jcip-annotations-1.0.jar
7f413610b000-7f4136119000 r--s 0007f000 08:06 4591979                    /home/vikki/gradle-new/lib/commons-collections-3.2.1.jar
7f4136119000-7f4136121000 r--s 0003c000 08:06 4591961                    /home/vikki/gradle-new/lib/gradle-launcher-2.2.1.jar
7f4136121000-7f4136122000 r--s 00001000 08:06 4592089                    /home/vikki/gradle-new/lib/plugins/gradle-plugin-development-2.2.1.jar
7f4136122000-7f4136124000 r--s 00002000 08:06 4592088                    /home/vikki/gradle-new/lib/plugins/gradle-cunit-2.2.1.jar
7f4136124000-7f4136129000 r--s 00036000 08:06 4592087                    /home/vikki/gradle-new/lib/plugins/gradle-ide-native-2.2.1.jar
7f4136129000-7f413612e000 r--s 00013000 08:06 4592086                    /home/vikki/gradle-new/lib/plugins/gradle-language-native-2.2.1.jar
7f413612e000-7f4136139000 r--s 0004d000 08:06 4592085                    /home/vikki/gradle-new/lib/plugins/gradle-platform-native-2.2.1.jar
7f4136139000-7f413613b000 r--s 00008000 08:06 4592084                    /home/vikki/gradle-new/lib/plugins/gradle-language-groovy-2.2.1.jar
7f413613b000-7f4136140000 r--s 00022000 08:06 4592083                    /home/vikki/gradle-new/lib/plugins/gradle-language-java-2.2.1.jar
7f4136140000-7f4136143000 r--s 00007000 08:06 4592082                    /home/vikki/gradle-new/lib/plugins/gradle-language-jvm-2.2.1.jar
7f4136143000-7f4136146000 r--s 00009000 08:06 4592081                    /home/vikki/gradle-new/lib/plugins/gradle-platform-jvm-2.2.1.jar
7f4136146000-7f413614b000 r--s 00018000 08:06 4592080                    /home/vikki/gradle-new/lib/plugins/gradle-platform-base-2.2.1.jar
7f413614b000-7f4136150000 r--s 00026000 08:06 4592079                    /home/vikki/gradle-new/lib/plugins/gradle-build-init-2.2.1.jar
7f4136150000-7f4136153000 r--s 0001d000 08:06 4592078                    /home/vikki/gradle-new/lib/plugins/gradle-jacoco-2.2.1.jar
7f4136153000-7f4136156000 r--s 0000d000 08:06 4592077                    /home/vikki/gradle-new/lib/plugins/gradle-ivy-2.2.1.jar
7f4136156000-7f4136158000 r--s 00002000 08:06 4592076                    /home/vikki/gradle-new/lib/plugins/gradle-publish-2.2.1.jar
7f4136158000-7f413615a000 r--s 00005000 08:06 4592114                    /home/vikki/gradle-new/lib/plugins/jatl-0.2.2.jar
7f413615a000-7f413615c000 r--s 0000f000 08:06 4592073                    /home/vikki/gradle-new/lib/plugins/gradle-reporting-2.2.1.jar
7f413615c000-7f4136161000 r--s 00034000 08:06 4592069                    /home/vikki/gradle-new/lib/plugins/gradle-diagnostics-2.2.1.jar
7f4136161000-7f4136168000 r--s 00090000 08:06 4592068                    /home/vikki/gradle-new/lib/plugins/gradle-build-comparison-2.2.1.jar
7f4136168000-7f413616f000 r--s 00035000 08:06 4592113                    /home/vikki/gradle-new/lib/plugins/simple-4.1.21.jar
7f413616f000-7f413617b000 r--s 00100000 08:06 4592111                    /home/vikki/gradle-new/lib/plugins/rhino-1.7R3.jar
7f413617b000-7f4136180000 r--s 0001f000 08:06 4592066                    /home/vikki/gradle-new/lib/plugins/gradle-javascript-2.2.1.jar
7f4136180000-7f4136182000 r--s 0000e000 08:06 4592065                    /home/vikki/gradle-new/lib/plugins/gradle-ear-2.2.1.jar
7f4136182000-7f4136186000 r--s 00025000 08:06 4592110                    /home/vikki/gradle-new/lib/plugins/bcpg-jdk15-1.46.jar
7f4136186000-7f4136189000 r--s 0001d000 08:06 4592064                    /home/vikki/gradle-new/lib/plugins/gradle-signing-2.2.1.jar
7f4136189000-7f413618a000 r--s 00002000 08:06 4592109                    /home/vikki/gradle-new/lib/plugins/sonar-batch-bootstrapper-2.9.jar
7f413618a000-7f413618d000 r--s 00018000 08:06 4592063                    /home/vikki/gradle-new/lib/plugins/gradle-sonar-2.2.1.jar
7f413618d000-7f4136190000 r--s 00017000 08:06 4592061                    /home/vikki/gradle-new/lib/plugins/gradle-scala-2.2.1.jar
7f4136190000-7f4136192000 r--s 0000e000 08:06 4592060                    /home/vikki/gradle-new/lib/plugins/gradle-announce-2.2.1.jar
7f4136192000-7f4136193000 r--s 00000000 08:06 4591988                    /home/vikki/gradle-new/lib/javax.inject-1.jar
7f4136193000-7f41361a1000 r--s 000bc000 08:06 4592059                    /home/vikki/gradle-new/lib/plugins/gradle-ide-2.2.1.jar
7f41361a1000-7f41361a3000 r--s 00000000 08:06 4592108                    /home/vikki/gradle-new/lib/plugins/plexus-component-annotations-1.5.2.jar
7f41361a3000-7f41361a6000 r--s 0000c000 08:06 4592107                    /home/vikki/gradle-new/lib/plugins/pmaven-groovy-0.8-20100325.jar
7f41361a6000-7f41361a7000 r--s 00004000 08:06 4592106                    /home/vikki/gradle-new/lib/plugins/pmaven-common-0.8-20100325.jar
7f41361a7000-7f41361ab000 r--s 0001e000 08:06 4592058                    /home/vikki/gradle-new/lib/plugins/gradle-maven-2.2.1.jar
7f41361ab000-7f41361c3000 r--s 0013b000 08:06 4592104                    /home/vikki/gradle-new/lib/plugins/bndlib-2.1.0.jar
7f41361c3000-7f41361c5000 r--s 00004000 08:06 4592056                    /home/vikki/gradle-new/lib/plugins/gradle-osgi-2.2.1.jar
7f41361c5000-7f41361c6000 r--s 00005000 08:06 4591962                    /home/vikki/gradle-new/lib/gradle-wrapper-2.2.1.jar
7f41361c6000-7f41361cb000 r--s 00068000 08:06 4592103                    /home/vikki/gradle-new/lib/plugins/antlr-2.7.7.jar
7f41361cb000-7f41361cc000 r--s 00002000 08:06 4592102                    /home/vikki/gradle-new/lib/plugins/ant-antlr-1.9.3.jar
7f41361cc000-7f41361ce000 r--s 00004000 08:06 4592054                    /home/vikki/gradle-new/lib/plugins/gradle-antlr-2.2.1.jar
7f41361ce000-7f41361d1000 r--s 0001e000 08:06 4592126                    /home/vikki/gradle-new/lib/plugins/jsp-api-2.1-6.1.14.jar
7f41361d1000-7f41361f4000 r--s 00344000 08:06 4592125                    /home/vikki/gradle-new/lib/plugins/core-3.1.1.jar
7f41361f4000-7f41361f5000 r--s 00006000 08:06 4592124                    /home/vikki/gradle-new/lib/plugins/jetty-naming-6.1.25.jar
7f41361f5000-7f41361f6000 r--s 00002000 08:06 4592101                    /home/vikki/gradle-new/lib/plugins/geronimo-annotation_1.0_spec-1.0.jar
7f41361f6000-7f41361f8000 r--s 00002000 08:06 4592100                    /home/vikki/gradle-new/lib/plugins/jetty-annotations-6.1.25.jar
7f41361f8000-7f4136209000 r--s 000ea000 08:06 4592099                    /home/vikki/gradle-new/lib/plugins/jsp-2.1-6.1.14.jar
7f4136209000-7f413620b000 r--s 0000d000 08:06 4592098                    /home/vikki/gradle-new/lib/plugins/jetty-plus-6.1.25.jar
7f413620b000-7f413620d000 r--s 0001f000 08:06 4592097                    /home/vikki/gradle-new/lib/plugins/servlet-api-2.5-20081211.jar
7f413620d000-7f4136211000 r--s 00028000 08:06 4592096                    /home/vikki/gradle-new/lib/plugins/jetty-util-6.1.25.jar
7f4136211000-7f4136218000 r--s 0007d000 08:06 4592095                    /home/vikki/gradle-new/lib/plugins/jetty-6.1.25.jar
7f4136218000-7f413621a000 r--s 00009000 08:06 4592053                    /home/vikki/gradle-new/lib/plugins/gradle-jetty-2.2.1.jar
7f413621a000-7f413621f000 r--s 00041000 08:06 4592052                    /home/vikki/gradle-new/lib/plugins/gradle-code-quality-2.2.1.jar
7f413621f000-7f4136221000 r--s 00009000 08:06 4592134                    /home/vikki/gradle-new/lib/plugins/hamcrest-core-1.3.jar
7f4136221000-7f4136227000 r--s 00033000 08:06 4592123                    /home/vikki/gradle-new/lib/plugins/snakeyaml-1.6.jar
7f4136227000-7f4136229000 r--s 00006000 08:06 4592122                    /home/vikki/gradle-new/lib/plugins/jcommander-1.12.jar
7f4136229000-7f413622e000 r--s 00040000 08:06 4592120                    /home/vikki/gradle-new/lib/plugins/bsh-2.0b4.jar
7f413622e000-7f413622f000 r--s 00004000 08:06 4592006                    /home/vikki/gradle-new/lib/ant-launcher-1.9.3.jar
7f413622f000-7f4136231000 r--s 00009000 08:06 4592094                    /home/vikki/gradle-new/lib/plugins/commons-cli-1.2.jar
7f4136231000-7f413623a000 r--s 00089000 08:06 4592093                    /home/vikki/gradle-new/lib/plugins/testng-6.3.1.jar
7f413623a000-7f4136240000 r--s 00036000 08:06 4592092                    /home/vikki/gradle-new/lib/plugins/junit-4.11.jar
7f4136240000-7f4136245000 r--s 00036000 08:06 4591977                    /home/vikki/gradle-new/lib/asm-all-5.0.3.jar
7f4136245000-7f4136264000 r--s 001cc000 08:06 4591978                    /home/vikki/gradle-new/lib/ant-1.9.3.jar
7f4136264000-7f41362cf000 r--s 00685000 08:06 4591974                    /home/vikki/gradle-new/lib/groovy-all-2.3.6.jar
7f41362cf000-7f41362db000 r--s 00075000 08:06 4592051                    /home/vikki/gradle-new/lib/plugins/gradle-plugins-2.2.1.jar
7f41362db000-7f41362de000 r--s 00011000 08:06 4592090                    /home/vikki/gradle-new/lib/plugins/gradle-plugin-use-2.2.1.jar
7f41362de000-7f41362f6000 r--s 00115000 08:06 4592132                    /home/vikki/gradle-new/lib/plugins/xercesImpl-2.9.1.jar
7f41362f6000-7f41362fe000 r--s 00028000 08:06 4592133                    /home/vikki/gradle-new/lib/plugins/xml-apis-1.3.04.jar
7f41362fe000-7f4136300000 r--s 00003000 08:06 4591996                    /home/vikki/gradle-new/lib/jcl-over-slf4j-1.7.7.jar
7f4136300000-7f4136306000 r--s 0005b000 08:06 4592131                    /home/vikki/gradle-new/lib/plugins/jcifs-1.3.17.jar
7f4136306000-7f413630c000 r--s 00031000 08:06 4592130                    /home/vikki/gradle-new/lib/plugins/httpcore-4.2.2.jar
7f413630c000-7f4136312000 r--s 00033000 08:06 4592129                    /home/vikki/gradle-new/lib/plugins/commons-codec-1.6.jar
7f4136312000-7f4136315000 r--s 0001c000 08:06 4592128                    /home/vikki/gradle-new/lib/plugins/nekohtml-1.9.14.jar
7f4136315000-7f413631e000 r--s 00060000 08:06 4592127                    /home/vikki/gradle-new/lib/plugins/httpclient-4.2.2.jar
7f413631e000-7f4136320000 r--s 00007000 08:06 4592115                    /home/vikki/gradle-new/lib/plugins/gradle-resources-http-2.2.1.jar
7f4136320000-7f4136348000 r--s 00194000 08:06 4592119                    /home/vikki/gradle-new/lib/plugins/bcprov-jdk15-1.46.jar
7f4136348000-7f413634c000 r--s 0001d000 08:06 4592118                    /home/vikki/gradle-new/lib/plugins/xbean-reflect-3.4.jar
7f413634c000-7f4136351000 r--s 0002a000 08:06 4592112                    /home/vikki/gradle-new/lib/plugins/gson-2.2.4.jar
7f4136351000-7f4136355000 r--s 0003d000 08:06 4592117                    /home/vikki/gradle-new/lib/plugins/jsch-0.1.51.jar
7f4136355000-7f413636e000 r--s 00129000 08:06 4592105                    /home/vikki/gradle-new/lib/plugins/maven-ant-tasks-2.1.3.jar
7f413636e000-7f413637d000 r--s 000d9000 08:06 4592116                    /home/vikki/gradle-new/lib/plugins/ivy-2.2.0.jar
7f413637d000-7f4136380000 r--s 00018000 08:06 4591980                    /home/vikki/gradle-new/lib/commons-io-1.4.jar
7f4136380000-7f4136385000 r--s 00041000 08:06 4591981                    /home/vikki/gradle-new/lib/commons-lang-2.6.jar
7f4136385000-7f4136389000 r--s 0001e000 08:06 4592050                    /home/vikki/gradle-new/lib/plugins/jarjar-aether-impl-1.13.1.jar
7f4136389000-7f413638c000 r--s 00027000 08:06 4592049                    /home/vikki/gradle-new/lib/plugins/jarjar-maven-model-3.0.4.jar
7f413638c000-7f413638f000 r--s 0000b000 08:06 4592048                    /home/vikki/gradle-new/lib/plugins/jarjar-maven-artifact-3.0.4.jar
7f413638f000-7f4136393000 r--s 0001e000 08:06 4592047                    /home/vikki/gradle-new/lib/plugins/jarjar-aether-util-1.13.1.jar
7f4136393000-7f4136395000 r--s 00007000 08:06 4592046                    /home/vikki/gradle-new/lib/plugins/jarjar-wagon-http-shared4-2.4.jar
7f4136395000-7f41363a2000 r--s 00083000 08:06 4592045                    /home/vikki/gradle-new/lib/plugins/jarjar-maven-core-3.0.4.jar
7f41363a2000-7f41363a4000 r--s 00003000 08:06 4592044                    /home/vikki/gradle-new/lib/plugins/jarjar-aether-spi-1.13.1.jar
7f41363a4000-7f41363a6000 r--s 00009000 08:06 4592043                    /home/vikki/gradle-new/lib/plugins/jarjar-maven-settings-builder-3.0.4.jar
7f41363a6000-7f41363aa000 r--s 00014000 08:06 4592042                    /home/vikki/gradle-new/lib/plugins/jarjar-aether-api-1.13.1.jar
7f41363aa000-7f41363ab000 r--s 00002000 08:06 4592041                    /home/vikki/gradle-new/lib/plugins/jarjar-wagon-http-2.4.jar
7f41363ab000-7f41363b2000 r--s 00042000 08:06 4592040                    /home/vikki/gradle-new/lib/plugins/jarjar-maven-compat-3.0.4.jar
7f41363b2000-7f41363b4000 r--s 00006000 08:06 4592039                    /home/vikki/gradle-new/lib/plugins/jarjar-aether-connector-wagon-1.13.1.jar
7f41363b4000-7f41363b6000 r--s 00000000 08:06 4592037                    /home/vikki/gradle-new/lib/plugins/jarjar-plexus-component-annotations-1.5.5.jar
7f41363b6000-7f41363b8000 r--s 00006000 08:06 4592036                    /home/vikki/gradle-new/lib/plugins/jarjar-plexus-sec-dispatcher-1.3.jar
7f41363b8000-7f41363bd000 r--s 00022000 08:06 4592035                    /home/vikki/gradle-new/lib/plugins/jarjar-maven-model-builder-3.0.4.jar
7f41363bd000-7f41363bf000 r--s 0000b000 08:06 4592034                    /home/vikki/gradle-new/lib/plugins/jarjar-maven-plugin-api-3.0.4.jar
7f41363bf000-7f41363c2000 r--s 0000a000 08:06 4592033                    /home/vikki/gradle-new/lib/plugins/jarjar-plexus-classworlds-2.4.jar
7f41363c2000-7f41363c6000 r--s 00035000 08:06 4592032                    /home/vikki/gradle-new/lib/plugins/jarjar-plexus-utils-2.0.6.jar
7f41363c6000-7f41363c8000 r--s 0000e000 08:06 4592030                    /home/vikki/gradle-new/lib/plugins/jarjar-plexus-interpolation-1.14.jar
7f41363c8000-7f41363ca000 r--s 00002000 08:06 4592029                    /home/vikki/gradle-new/lib/plugins/jarjar-plexus-cipher-1.7.jar
7f41363ca000-7f41363cc000 r--s 0000c000 08:06 4592028                    /home/vikki/gradle-new/lib/plugins/jarjar-wagon-provider-api-2.4.jar
7f41363cc000-7f41363d4000 r--s 00031000 08:06 4592026                    /home/vikki/gradle-new/lib/plugins/jarjar-plexus-container-default-1.5.5.jar
7f41363d4000-7f41363e4000 r-xp 00000000 08:06 14032682                   /usr/lib/jvm/java-7-oracle/jre/lib/amd64/libnio.so
7f41363e4000-7f41365e4000 ---p 00010000 08:06 14032682                   /usr/lib/jvm/java-7-oracle/jre/lib/amd64/libnio.so
7f41365e4000-7f41365e5000 rw-p 00010000 08:06 14032682                   /usr/lib/jvm/java-7-oracle/jre/lib/amd64/libnio.so
7f41365e5000-7f413660d000 r--s 001cf000 08:06 4591973                    /home/vikki/gradle-new/lib/guava-jdk5-17.0.jar
7f413660d000-7f413660e000 ---p 00000000 00:00 0 
7f413660e000-7f413670e000 rw-p 00000000 00:00 0                          [stack:29036]
7f413670e000-7f4136711000 ---p 00000000 00:00 0 
7f4136711000-7f413680f000 rw-p 00000000 00:00 0                          [stack:29035]
7f413680f000-7f4136812000 ---p 00000000 00:00 0 
7f4136812000-7f4136910000 rw-p 00000000 00:00 0                          [stack:29034]
7f4136910000-7f4136913000 ---p 00000000 00:00 0 
7f4136913000-7f4136a11000 rw-p 00000000 00:00 0                          [stack:29033]
7f4136a11000-7f4136a14000 ---p 00000000 00:00 0 
7f4136a14000-7f4136b12000 rw-p 00000000 00:00 0                          [stack:29032]
7f4136b12000-7f4136b28000 r-xp 00000000 08:06 14032632                   /usr/lib/jvm/java-7-oracle/jre/lib/amd64/libnet.so
7f4136b28000-7f4136d28000 ---p 00016000 08:06 14032632                   /usr/lib/jvm/java-7-oracle/jre/lib/amd64/libnet.so
7f4136d28000-7f4136d29000 rw-p 00016000 08:06 14032632                   /usr/lib/jvm/java-7-oracle/jre/lib/amd64/libnet.so
7f4136d29000-7f41376f7000 r--p 00000000 08:06 13898478                   /usr/lib/locale/locale-archive
7f41376f7000-7f41376fa000 ---p 00000000 00:00 0 
7f41376fa000-7f41377f8000 rw-p 00000000 00:00 0                          [stack:29031]
7f41377f8000-7f41377fb000 ---p 00000000 00:00 0 
7f41377fb000-7f41378f9000 rw-p 00000000 00:00 0                          [stack:29030]
7f41378f9000-7f41378fa000 ---p 00000000 00:00 0 
7f41378fa000-7f4138000000 rw-p 00000000 00:00 0                          [stack:29029]
7f4138000000-7f4138021000 rw-p 00000000 00:00 0 
7f4138021000-7f413c000000 ---p 00000000 00:00 0 
7f413c000000-7f413c018000 r--s 000b5000 08:06 4592091                    /home/vikki/gradle-new/lib/plugins/gradle-dependency-management-2.2.1.jar
7f413c018000-7f413c049000 r--s 00191000 08:06 4591964                    /home/vikki/gradle-new/lib/gradle-core-2.2.1.jar
7f413c049000-7f413d000000 rw-p 00000000 00:00 0 
7f413d000000-7f413d270000 rwxp 00000000 00:00 0 
7f413d270000-7f4140626000 rw-p 00000000 00:00 0 
7f4140626000-7f4144000000 ---p 00000000 00:00 0 
7f4144000000-7f4144002000 r--s 0000d000 08:06 4592027                    /home/vikki/gradle-new/lib/plugins/jarjar-maven-aether-provider-3.0.4.jar
7f4144002000-7f414424f000 rw-p 00000000 00:00 0 
7f414424f000-7f414440e000 r--s 039e5000 08:06 13904602                   /usr/lib/jvm/java-7-oracle/jre/lib/rt.jar
7f414440e000-7f4144556000 rw-p 00000000 00:00 0 
7f4144556000-7f4144557000 ---p 00000000 00:00 0 
7f4144557000-7f4144657000 rw-p 00000000 00:00 0                          [stack:29028]
7f4144657000-7f4144658000 ---p 00000000 00:00 0 
7f4144658000-7f4144758000 rw-p 00000000 00:00 0                          [stack:29027]
7f4144758000-7f4144759000 ---p 00000000 00:00 0 
7f4144759000-7f4144859000 rw-p 00000000 00:00 0                          [stack:29026]
7f4144859000-7f414485a000 ---p 00000000 00:00 0 
7f414485a000-7f4144965000 rw-p 00000000 00:00 0                          [stack:29025]
7f4144965000-7f4144983000 rw-p 00000000 00:00 0 
7f4144983000-7f4144b4b000 rw-p 00000000 00:00 0 
7f4144b4b000-7f4144ea4000 rw-p 00000000 00:00 0 
7f4144ea4000-7f4144eaf000 rw-p 00000000 00:00 0 
7f4144eaf000-7f4144ecd000 rw-p 00000000 00:00 0 
7f4144ecd000-7f4145095000 rw-p 00000000 00:00 0 
7f4145095000-7f41453ed000 rw-p 00000000 00:00 0 
7f41453ed000-7f41455c0000 rw-p 00000000 00:00 0 
7f41455c0000-7f41455c1000 ---p 00000000 00:00 0 
7f41455c1000-7f414567e000 rw-p 00000000 00:00 0 
7f414567e000-7f414567f000 rw-p 00000000 00:00 0 
7f414567f000-7f4145699000 r-xp 00000000 08:06 14032691                   /usr/lib/jvm/java-7-oracle/jre/lib/amd64/libzip.so
7f4145699000-7f4145899000 ---p 0001a000 08:06 14032691                   /usr/lib/jvm/java-7-oracle/jre/lib/amd64/libzip.so
7f4145899000-7f414589a000 rw-p 0001a000 08:06 14032691                   /usr/lib/jvm/java-7-oracle/jre/lib/amd64/libzip.so
7f414589a000-7f41458a5000 r-xp 00000000 08:06 13369447                   /lib/x86_64-linux-gnu/libnss_files-2.19.so
7f41458a5000-7f4145aa4000 ---p 0000b000 08:06 13369447                   /lib/x86_64-linux-gnu/libnss_files-2.19.so
7f4145aa4000-7f4145aa5000 r--p 0000a000 08:06 13369447                   /lib/x86_64-linux-gnu/libnss_files-2.19.so
7f4145aa5000-7f4145aa6000 rw-p 0000b000 08:06 13369447                   /lib/x86_64-linux-gnu/libnss_files-2.19.so
7f4145aa6000-7f4145ab1000 r-xp 00000000 08:06 13369448                   /lib/x86_64-linux-gnu/libnss_nis-2.19.so
7f4145ab1000-7f4145cb0000 ---p 0000b000 08:06 13369448                   /lib/x86_64-linux-gnu/libnss_nis-2.19.so
7f4145cb0000-7f4145cb1000 r--p 0000a000 08:06 13369448                   /lib/x86_64-linux-gnu/libnss_nis-2.19.so
7f4145cb1000-7f4145cb2000 rw-p 0000b000 08:06 13369448                   /lib/x86_64-linux-gnu/libnss_nis-2.19.so
7f4145cb2000-7f4145cc9000 r-xp 00000000 08:06 13369374                   /lib/x86_64-linux-gnu/libnsl-2.19.so
7f4145cc9000-7f4145ec8000 ---p 00017000 08:06 13369374                   /lib/x86_64-linux-gnu/libnsl-2.19.so
7f4145ec8000-7f4145ec9000 r--p 00016000 08:06 13369374                   /lib/x86_64-linux-gnu/libnsl-2.19.so
7f4145ec9000-7f4145eca000 rw-p 00017000 08:06 13369374                   /lib/x86_64-linux-gnu/libnsl-2.19.so
7f4145eca000-7f4145ecc000 rw-p 00000000 00:00 0 
7f4145ecc000-7f4145ed5000 r-xp 00000000 08:06 13369363                   /lib/x86_64-linux-gnu/libnss_compat-2.19.so
7f4145ed5000-7f41460d4000 ---p 00009000 08:06 13369363                   /lib/x86_64-linux-gnu/libnss_compat-2.19.so
7f41460d4000-7f41460d5000 r--p 00008000 08:06 13369363                   /lib/x86_64-linux-gnu/libnss_compat-2.19.so
7f41460d5000-7f41460d6000 rw-p 00009000 08:06 13369363                   /lib/x86_64-linux-gnu/libnss_compat-2.19.so
7f41460d6000-7f41460ff000 r-xp 00000000 08:06 14032638                   /usr/lib/jvm/java-7-oracle/jre/lib/amd64/libjava.so
7f41460ff000-7f41462ff000 ---p 00029000 08:06 14032638                   /usr/lib/jvm/java-7-oracle/jre/lib/amd64/libjava.so
7f41462ff000-7f4146301000 rw-p 00029000 08:06 14032638                   /usr/lib/jvm/java-7-oracle/jre/lib/amd64/libjava.so
7f4146301000-7f414630e000 r-xp 00000000 08:06 14032656                   /usr/lib/jvm/java-7-oracle/jre/lib/amd64/libverify.so
7f414630e000-7f414650d000 ---p 0000d000 08:06 14032656                   /usr/lib/jvm/java-7-oracle/jre/lib/amd64/libverify.so
7f414650d000-7f414650f000 rw-p 0000c000 08:06 14032656                   /usr/lib/jvm/java-7-oracle/jre/lib/amd64/libverify.so
7f414650f000-7f4146516000 r-xp 00000000 08:06 13369436                   /lib/x86_64-linux-gnu/librt-2.19.so
7f4146516000-7f4146715000 ---p 00007000 08:06 13369436                   /lib/x86_64-linux-gnu/librt-2.19.so
7f4146715000-7f4146716000 r--p 00006000 08:06 13369436                   /lib/x86_64-linux-gnu/librt-2.19.so
7f4146716000-7f4146717000 rw-p 00007000 08:06 13369436                   /lib/x86_64-linux-gnu/librt-2.19.so
7f4146717000-7f414681c000 r-xp 00000000 08:06 13369443                   /lib/x86_64-linux-gnu/libm-2.19.so
7f414681c000-7f4146a1b000 ---p 00105000 08:06 13369443                   /lib/x86_64-linux-gnu/libm-2.19.so
7f4146a1b000-7f4146a1c000 r--p 00104000 08:06 13369443                   /lib/x86_64-linux-gnu/libm-2.19.so
7f4146a1c000-7f4146a1d000 rw-p 00105000 08:06 13369443                   /lib/x86_64-linux-gnu/libm-2.19.so
7f4146a1d000-7f414758d000 r-xp 00000000 08:06 14032664                   /usr/lib/jvm/java-7-oracle/jre/lib/amd64/server/libjvm.so
7f414758d000-7f414778c000 ---p 00b70000 08:06 14032664                   /usr/lib/jvm/java-7-oracle/jre/lib/amd64/server/libjvm.so
7f414778c000-7f4147851000 rw-p 00b6f000 08:06 14032664                   /usr/lib/jvm/java-7-oracle/jre/lib/amd64/server/libjvm.so
7f4147851000-7f4147891000 rw-p 00000000 00:00 0 
7f4147891000-7f4147a4c000 r-xp 00000000 08:06 13369440                   /lib/x86_64-linux-gnu/libc-2.19.so
7f4147a4c000-7f4147c4c000 ---p 001bb000 08:06 13369440                   /lib/x86_64-linux-gnu/libc-2.19.so
7f4147c4c000-7f4147c50000 r--p 001bb000 08:06 13369440                   /lib/x86_64-linux-gnu/libc-2.19.so
7f4147c50000-7f4147c52000 rw-p 001bf000 08:06 13369440                   /lib/x86_64-linux-gnu/libc-2.19.so
7f4147c52000-7f4147c57000 rw-p 00000000 00:00 0 
7f4147c57000-7f4147c5a000 r-xp 00000000 08:06 13373258                   /lib/x86_64-linux-gnu/libdl-2.19.so
7f4147c5a000-7f4147e59000 ---p 00003000 08:06 13373258                   /lib/x86_64-linux-gnu/libdl-2.19.so
7f4147e59000-7f4147e5a000 r--p 00002000 08:06 13373258                   /lib/x86_64-linux-gnu/libdl-2.19.so
7f4147e5a000-7f4147e5b000 rw-p 00003000 08:06 13373258                   /lib/x86_64-linux-gnu/libdl-2.19.so
7f4147e5b000-7f4147e71000 r-xp 00000000 08:06 14163573                   /usr/lib/jvm/java-7-oracle/lib/amd64/jli/libjli.so
7f4147e71000-7f4148071000 ---p 00016000 08:06 14163573                   /usr/lib/jvm/java-7-oracle/lib/amd64/jli/libjli.so
7f4148071000-7f4148072000 rw-p 00016000 08:06 14163573                   /usr/lib/jvm/java-7-oracle/lib/amd64/jli/libjli.so
7f4148072000-7f414808b000 r-xp 00000000 08:06 13373303                   /lib/x86_64-linux-gnu/libpthread-2.19.so
7f414808b000-7f414828a000 ---p 00019000 08:06 13373303                   /lib/x86_64-linux-gnu/libpthread-2.19.so
7f414828a000-7f414828b000 r--p 00018000 08:06 13373303                   /lib/x86_64-linux-gnu/libpthread-2.19.so
7f414828b000-7f414828c000 rw-p 00019000 08:06 13373303                   /lib/x86_64-linux-gnu/libpthread-2.19.so
7f414828c000-7f4148290000 rw-p 00000000 00:00 0 
7f4148290000-7f41482b3000 r-xp 00000000 08:06 13369441                   /lib/x86_64-linux-gnu/ld-2.19.so
7f41482b3000-7f41482b4000 r--s 00007000 08:06 4592025                    /home/vikki/gradle-new/lib/plugins/jarjar-maven-repository-metadata-3.0.4.jar
7f41482b4000-7f41482b5000 r--s 0000b000 08:06 4592022                    /home/vikki/gradle-new/lib/plugins/jarjar-maven-settings-3.0.4.jar
7f41482b5000-7f41482b7000 r--s 00000000 08:06 4591986                    /home/vikki/gradle-new/lib/jul-to-slf4j-1.7.7.jar
7f41482b7000-7f41482c1000 r--s 0005d000 08:06 4591982                    /home/vikki/gradle-new/lib/logback-core-1.0.13.jar
7f41482c1000-7f41482c7000 r--s 0003b000 08:06 4591983                    /home/vikki/gradle-new/lib/logback-classic-1.0.13.jar
7f41482c7000-7f41482c9000 r--s 00006000 08:06 4591971                    /home/vikki/gradle-new/lib/slf4j-api-1.7.7.jar
7f41482c9000-7f41482d2000 r--s 00039000 08:06 4591990                    /home/vikki/gradle-new/lib/gradle-messaging-2.2.1.jar
7f41482d2000-7f41482dc000 rw-p 00000000 00:00 0 
7f41482dc000-7f4148392000 rw-p 00000000 00:00 0 
7f4148392000-7f4148395000 ---p 00000000 00:00 0 
7f4148395000-7f4148497000 rw-p 00000000 00:00 0                          [stack:29024]
7f4148497000-7f4148499000 r--s 00008000 08:06 4591968                    /home/vikki/gradle-new/lib/gradle-native-2.2.1.jar
7f4148499000-7f414849b000 r--s 00005000 08:06 4591965                    /home/vikki/gradle-new/lib/gradle-cli-2.2.1.jar
7f414849b000-7f41484a1000 r--s 00026000 08:06 4591963                    /home/vikki/gradle-new/lib/gradle-base-services-2.2.1.jar
7f41484a1000-7f41484a5000 r--s 0008a000 08:06 13904529                   /usr/lib/jvm/java-7-oracle/jre/lib/jsse.jar
7f41484a5000-7f41484a6000 r--s 00001000 08:06 7866973                    /home/vikki/.gradle/caches/2.2.1/workerMain/gradle-worker.jar
7f41484a6000-7f41484ae000 rw-s 00000000 08:06 7867465                    /tmp/hsperfdata_vikki/29019
7f41484ae000-7f41484af000 rw-p 00000000 00:00 0 
7f41484af000-7f41484b0000 ---p 00000000 00:00 0 
7f41484b0000-7f41484b2000 rw-p 00000000 00:00 0 
7f41484b2000-7f41484b3000 r--p 00022000 08:06 13369441                   /lib/x86_64-linux-gnu/ld-2.19.so
7f41484b3000-7f41484b4000 rw-p 00023000 08:06 13369441                   /lib/x86_64-linux-gnu/ld-2.19.so
7f41484b4000-7f41484b5000 rw-p 00000000 00:00 0 
7fffc143d000-7fffc145e000 rw-p 00000000 00:00 0                          [stack]
7fffc156c000-7fffc156e000 r-xp 00000000 00:00 0                          [vdso]
ffffffffff600000-ffffffffff601000 r-xp 00000000 00:00 0                  [vsyscall]

VM Arguments:
jvm_args: -Djava.security.manager=jarjar.org.gradle.process.internal.child.BootstrapSecurityManager -Dfile.encoding=UTF-8 -Duser.country=IN -Duser.language=en -Duser.variant -ea 
java_command: jarjar.org.gradle.process.internal.launcher.GradleWorkerMain 'Gradle Test Executor 2'
Launcher Type: SUN_STANDARD

Environment Variables:
CLASSPATH=/home/vikki/gradle-new/lib/gradle-launcher-2.2.1.jar
PATH=/usr/local/sbin:/usr/local/bin:/usr/sbin:/usr/bin:/sbin:/bin:/usr/games:/usr/local/games:/opt/groovy/bin:/home/vikki/gradle-new/bin:/opt/groovy/bin:/home/vikki/gradle-new/bin
LD_LIBRARY_PATH=/opt/intellij/bin:
SHELL=/bin/bash
DISPLAY=:0.0

Signal Handlers:
SIGSEGV: [libjvm.so+0x99f4a0], sa_mask[0]=0x7ffbfeff, sa_flags=0x10000004
SIGBUS: [libjvm.so+0x99f4a0], sa_mask[0]=0x7ffbfeff, sa_flags=0x10000004
SIGFPE: [libjvm.so+0x81a860], sa_mask[0]=0x7ffbfeff, sa_flags=0x10000004
SIGPIPE: [libjvm.so+0x81a860], sa_mask[0]=0x7ffbfeff, sa_flags=0x10000004
SIGXFSZ: [libjvm.so+0x81a860], sa_mask[0]=0x7ffbfeff, sa_flags=0x10000004
SIGILL: [libjvm.so+0x81a860], sa_mask[0]=0x7ffbfeff, sa_flags=0x10000004
SIGUSR1: SIG_DFL, sa_mask[0]=0x00000000, sa_flags=0x00000000
SIGUSR2: [libjvm.so+0x81c060], sa_mask[0]=0x00000004, sa_flags=0x10000004
SIGHUP: [libjvm.so+0x81d160], sa_mask[0]=0x7ffbfeff, sa_flags=0x10000004
SIGINT: [libjvm.so+0x81d160], sa_mask[0]=0x7ffbfeff, sa_flags=0x10000004
SIGTERM: [libjvm.so+0x81d160], sa_mask[0]=0x7ffbfeff, sa_flags=0x10000004
SIGQUIT: [libjvm.so+0x81d160], sa_mask[0]=0x7ffbfeff, sa_flags=0x10000004


---------------  S Y S T E M  ---------------

OS:jessie/sid

uname:Linux 3.13.0-35-generic #62-Ubuntu SMP Fri Aug 15 01:58:42 UTC 2014 x86_64
libc:glibc 2.19 NPTL 2.19 
rlimit: STACK 8192k, CORE 0k, NPROC 125837, NOFILE 4096, AS infinity
load average:1.01 3.76 4.28

/proc/meminfo:
MemTotal:       16128756 kB
MemFree:         7014072 kB
Buffers:          418636 kB
Cached:          4321616 kB
SwapCached:            0 kB
Active:          5671960 kB
Inactive:        2951884 kB
Active(anon):    3885064 kB
Inactive(anon):   157220 kB
Active(file):    1786896 kB
Inactive(file):  2794664 kB
Unevictable:          80 kB
Mlocked:              80 kB
SwapTotal:      31349756 kB
SwapFree:       31349756 kB
Dirty:               684 kB
Writeback:             0 kB
AnonPages:       3910340 kB
Mapped:           263880 kB
Shmem:            158696 kB
Slab:             289232 kB
SReclaimable:     255336 kB
SUnreclaim:        33896 kB
KernelStack:        5048 kB
PageTables:        40792 kB
NFS_Unstable:          0 kB
Bounce:                0 kB
WritebackTmp:          0 kB
CommitLimit:    39414132 kB
Committed_AS:    7970180 kB
VmallocTotal:   34359738367 kB
VmallocUsed:      377176 kB
VmallocChunk:   34359352284 kB
HardwareCorrupted:     0 kB
AnonHugePages:   2793472 kB
HugePages_Total:       0
HugePages_Free:        0
HugePages_Rsvd:        0
HugePages_Surp:        0
Hugepagesize:       2048 kB
DirectMap4k:       63532 kB
DirectMap2M:    16404480 kB


CPU:total 4 (2 cores per cpu, 2 threads per core) family 6 model 58 stepping 9, cmov, cx8, fxsr, mmx, sse, sse2, sse3, ssse3, sse4.1, sse4.2, popcnt, avx, aes, erms, ht, tsc, tscinvbit, tscinv

/proc/cpuinfo:
processor	: 0
vendor_id	: GenuineIntel
cpu family	: 6
model		: 58
model name	: Intel(R) Core(TM) i5-3230M CPU @ 2.60GHz
stepping	: 9
microcode	: 0x16
cpu MHz		: 2601.000
cache size	: 3072 KB
physical id	: 0
siblings	: 4
core id		: 0
cpu cores	: 2
apicid		: 0
initial apicid	: 0
fpu		: yes
fpu_exception	: yes
cpuid level	: 13
wp		: yes
flags		: fpu vme de pse tsc msr pae mce cx8 apic sep mtrr pge mca cmov pat pse36 clflush dts acpi mmx fxsr sse sse2 ss ht tm pbe syscall nx rdtscp lm constant_tsc arch_perfmon pebs bts rep_good nopl xtopology nonstop_tsc aperfmperf eagerfpu pni pclmulqdq dtes64 monitor ds_cpl vmx est tm2 ssse3 cx16 xtpr pdcm pcid sse4_1 sse4_2 x2apic popcnt tsc_deadline_timer aes xsave avx f16c rdrand lahf_lm ida arat epb xsaveopt pln pts dtherm tpr_shadow vnmi flexpriority ept vpid fsgsbase smep erms
bogomips	: 5188.43
clflush size	: 64
cache_alignment	: 64
address sizes	: 36 bits physical, 48 bits virtual
power management:

processor	: 1
vendor_id	: GenuineIntel
cpu family	: 6
model		: 58
model name	: Intel(R) Core(TM) i5-3230M CPU @ 2.60GHz
stepping	: 9
microcode	: 0x16
cpu MHz		: 2601.000
cache size	: 3072 KB
physical id	: 0
siblings	: 4
core id		: 0
cpu cores	: 2
apicid		: 1
initial apicid	: 1
fpu		: yes
fpu_exception	: yes
cpuid level	: 13
wp		: yes
flags		: fpu vme de pse tsc msr pae mce cx8 apic sep mtrr pge mca cmov pat pse36 clflush dts acpi mmx fxsr sse sse2 ss ht tm pbe syscall nx rdtscp lm constant_tsc arch_perfmon pebs bts rep_good nopl xtopology nonstop_tsc aperfmperf eagerfpu pni pclmulqdq dtes64 monitor ds_cpl vmx est tm2 ssse3 cx16 xtpr pdcm pcid sse4_1 sse4_2 x2apic popcnt tsc_deadline_timer aes xsave avx f16c rdrand lahf_lm ida arat epb xsaveopt pln pts dtherm tpr_shadow vnmi flexpriority ept vpid fsgsbase smep erms
bogomips	: 5188.43
clflush size	: 64
cache_alignment	: 64
address sizes	: 36 bits physical, 48 bits virtual
power management:

processor	: 2
vendor_id	: GenuineIntel
cpu family	: 6
model		: 58
model name	: Intel(R) Core(TM) i5-3230M CPU @ 2.60GHz
stepping	: 9
microcode	: 0x16
cpu MHz		: 2601.000
cache size	: 3072 KB
physical id	: 0
siblings	: 4
core id		: 1
cpu cores	: 2
apicid		: 2
initial apicid	: 2
fpu		: yes
fpu_exception	: yes
cpuid level	: 13
wp		: yes
flags		: fpu vme de pse tsc msr pae mce cx8 apic sep mtrr pge mca cmov pat pse36 clflush dts acpi mmx fxsr sse sse2 ss ht tm pbe syscall nx rdtscp lm constant_tsc arch_perfmon pebs bts rep_good nopl xtopology nonstop_tsc aperfmperf eagerfpu pni pclmulqdq dtes64 monitor ds_cpl vmx est tm2 ssse3 cx16 xtpr pdcm pcid sse4_1 sse4_2 x2apic popcnt tsc_deadline_timer aes xsave avx f16c rdrand lahf_lm ida arat epb xsaveopt pln pts dtherm tpr_shadow vnmi flexpriority ept vpid fsgsbase smep erms
bogomips	: 5188.43
clflush size	: 64
cache_alignment	: 64
address sizes	: 36 bits physical, 48 bits virtual
power management:

processor	: 3
vendor_id	: GenuineIntel
cpu family	: 6
model		: 58
model name	: Intel(R) Core(TM) i5-3230M CPU @ 2.60GHz
stepping	: 9
microcode	: 0x16
cpu MHz		: 2601.000
cache size	: 3072 KB
physical id	: 0
siblings	: 4
core id		: 1
cpu cores	: 2
apicid		: 3
initial apicid	: 3
fpu		: yes
fpu_exception	: yes
cpuid level	: 13
wp		: yes
flags		: fpu vme de pse tsc msr pae mce cx8 apic sep mtrr pge mca cmov pat pse36 clflush dts acpi mmx fxsr sse sse2 ss ht tm pbe syscall nx rdtscp lm constant_tsc arch_perfmon pebs bts rep_good nopl xtopology nonstop_tsc aperfmperf eagerfpu pni pclmulqdq dtes64 monitor ds_cpl vmx est tm2 ssse3 cx16 xtpr pdcm pcid sse4_1 sse4_2 x2apic popcnt tsc_deadline_timer aes xsave avx f16c rdrand lahf_lm ida arat epb xsaveopt pln pts dtherm tpr_shadow vnmi flexpriority ept vpid fsgsbase smep erms
bogomips	: 5188.43
clflush size	: 64
cache_alignment	: 64
address sizes	: 36 bits physical, 48 bits virtual
power management:



Memory: 4k page, physical 16128756k(7014072k free), swap 31349756k(31349756k free)

vm_info: Java HotSpot(TM) 64-Bit Server VM (24.65-b04) for linux-amd64 JRE (1.7.0_67-b01), built on Jul 25 2014 09:20:21 by "java_re" with gcc 4.3.0 20080428 (Red Hat 4.3.0-8)

time: Wed Feb 11 03:27:27 2015
elapsed time: 11 seconds

